<?xml version="1.0" encoding="utf-8"?>
<CoverageSession xmlns:xsd="http://www.w3.org/2001/XMLSchema" xmlns:xsi="http://www.w3.org/2001/XMLSchema-instance" Version="0.0.0.0">
  <Summary numSequencePoints="113" visitedSequencePoints="113" numBranchPoints="0" visitedBranchPoints="0" sequenceCoverage="100.0" branchCoverage="0.0" maxCyclomaticComplexity="0" minCyclomaticComplexity="0" maxCrapScore="0" minCrapScore="0" visitedClasses="5" numClasses="5" visitedMethods="16" numMethods="16" />
  <Modules>
    <Module>
      <Summary numSequencePoints="39" visitedSequencePoints="39" numBranchPoints="0" visitedBranchPoints="0" sequenceCoverage="100.0" branchCoverage="0.0" maxCyclomaticComplexity="0" minCyclomaticComplexity="0" maxCrapScore="0" minCrapScore="0" visitedClasses="2" numClasses="2" visitedMethods="5" numMethods="5" />
      <ModuleTime>0001-01-01T00:00:00</ModuleTime>
      <ModuleName>JGM.Controller</ModuleName>
      <Files>
        <File uid="2" fullPath="C:/Users/Freee/Documents/GitHub/TicTacToeTDD/Assets/Scripts/Controller/BoardController.cs" />
        <File uid="3" fullPath="C:/Users/Freee/Documents/GitHub/TicTacToeTDD/Assets/Scripts/Controller/BoardResultController.cs" />
        <File uid="4" fullPath="C:/Users/Freee/Documents/GitHub/TicTacToeTDD/Assets/Scripts/Controller/ColumnsResult.cs" />
        <File uid="5" fullPath="C:/Users/Freee/Documents/GitHub/TicTacToeTDD/Assets/Scripts/Controller/DiagonalsResult.cs" />
        <File uid="6" fullPath="C:/Users/Freee/Documents/GitHub/TicTacToeTDD/Assets/Scripts/Controller/RowsResult.cs" />
      </Files>
      <Classes>
        <Class>
          <Summary numSequencePoints="5" visitedSequencePoints="5" numBranchPoints="0" visitedBranchPoints="0" sequenceCoverage="100.0" branchCoverage="0.0" maxCyclomaticComplexity="0" minCyclomaticComplexity="0" maxCrapScore="0" minCrapScore="0" visitedClasses="1" numClasses="1" visitedMethods="3" numMethods="3" />
          <FullName>JGM.Controller.BoardController</FullName>
          <Methods>
            <Method visited="true" cyclomaticComplexity="0" nPathComplexity="0" sequenceCoverage="100.0" branchCoverage="0" crapScore="0" isConstructor="false" isStatic="false" isGetter="true" isSetter="false">
              <Summary numSequencePoints="1" visitedSequencePoints="1" numBranchPoints="0" visitedBranchPoints="0" sequenceCoverage="100.0" branchCoverage="0" maxCyclomaticComplexity="0" minCyclomaticComplexity="0" maxCrapScore="0" minCrapScore="0" visitedClasses="0" numClasses="0" visitedMethods="1" numMethods="1" />
              <MetadataToken>100663299</MetadataToken>
              <Name>System.Boolean JGM.Controller.BoardController::get_GameIsPlaying()</Name>
              <FileRef uid="2" />
              <SequencePoints>
                <SequencePoint vc="5" uspid="562" ordinal="0" offset="0" sl="11" sc="37" el="11" ec="37" bec="0" bev="0" fileid="2" />
              </SequencePoints>
              <BranchPoints />
            </Method>
            <Method visited="true" cyclomaticComplexity="0" nPathComplexity="0" sequenceCoverage="100.0" branchCoverage="0" crapScore="0" isConstructor="false" isStatic="false" isGetter="false" isSetter="true">
              <Summary numSequencePoints="1" visitedSequencePoints="1" numBranchPoints="0" visitedBranchPoints="0" sequenceCoverage="100.0" branchCoverage="0" maxCyclomaticComplexity="0" minCyclomaticComplexity="0" maxCrapScore="0" minCrapScore="0" visitedClasses="0" numClasses="0" visitedMethods="1" numMethods="1" />
              <MetadataToken>100663300</MetadataToken>
              <Name>System.Void JGM.Controller.BoardController::set_GameIsPlaying(System.Boolean)</Name>
              <FileRef uid="2" />
              <SequencePoints>
                <SequencePoint vc="15" uspid="563" ordinal="0" offset="0" sl="11" sc="42" el="11" ec="42" bec="0" bev="0" fileid="2" />
              </SequencePoints>
              <BranchPoints />
            </Method>
            <Method visited="true" cyclomaticComplexity="0" nPathComplexity="0" sequenceCoverage="100.0" branchCoverage="0" crapScore="0" isConstructor="true" isStatic="false" isGetter="false" isSetter="false">
              <Summary numSequencePoints="3" visitedSequencePoints="3" numBranchPoints="0" visitedBranchPoints="0" sequenceCoverage="100.0" branchCoverage="0" maxCyclomaticComplexity="0" minCyclomaticComplexity="0" maxCrapScore="0" minCrapScore="0" visitedClasses="0" numClasses="0" visitedMethods="1" numMethods="1" />
              <MetadataToken>100663301</MetadataToken>
              <Name>JGM.Controller.BoardController::BoardController()</Name>
              <FileRef uid="2" />
              <SequencePoints>
                <SequencePoint vc="9" uspid="610" ordinal="0" offset="0" sl="19" sc="9" el="19" ec="9" bec="0" bev="0" fileid="2" />
                <SequencePoint vc="9" uspid="611" ordinal="0" offset="7" sl="19" sc="34" el="19" ec="34" bec="0" bev="0" fileid="2" />
                <SequencePoint vc="9" uspid="612" ordinal="0" offset="8" sl="19" sc="36" el="19" ec="36" bec="0" bev="0" fileid="2" />
              </SequencePoints>
              <BranchPoints />
            </Method>
          </Methods>
        </Class>
        <Class>
          <Summary numSequencePoints="34" visitedSequencePoints="34" numBranchPoints="0" visitedBranchPoints="0" sequenceCoverage="100.0" branchCoverage="0.0" maxCyclomaticComplexity="0" minCyclomaticComplexity="0" maxCrapScore="0" minCrapScore="0" visitedClasses="1" numClasses="1" visitedMethods="2" numMethods="2" />
          <FullName>JGM.Controller.RowsResult</FullName>
          <Methods>
            <Method visited="true" cyclomaticComplexity="0" nPathComplexity="0" sequenceCoverage="100.0" branchCoverage="0" crapScore="0" isConstructor="false" isStatic="false" isGetter="false" isSetter="false">
              <Summary numSequencePoints="3" visitedSequencePoints="3" numBranchPoints="0" visitedBranchPoints="0" sequenceCoverage="100.0" branchCoverage="0" maxCyclomaticComplexity="0" minCyclomaticComplexity="0" maxCrapScore="0" minCrapScore="0" visitedClasses="0" numClasses="0" visitedMethods="1" numMethods="1" />
              <MetadataToken>100663320</MetadataToken>
              <Name>System.Void JGM.Controller.RowsResult::SetNextChain(JGM.Controller.IResultChain)</Name>
              <FileRef uid="6" />
              <SequencePoints>
                <SequencePoint vc="9" uspid="686" ordinal="0" offset="0" sl="10" sc="9" el="10" ec="9" bec="0" bev="0" fileid="6" />
                <SequencePoint vc="9" uspid="687" ordinal="0" offset="1" sl="11" sc="13" el="11" ec="13" bec="0" bev="0" fileid="6" />
                <SequencePoint vc="9" uspid="688" ordinal="0" offset="8" sl="12" sc="9" el="12" ec="9" bec="0" bev="0" fileid="6" />
              </SequencePoints>
              <BranchPoints />
            </Method>
            <Method visited="true" cyclomaticComplexity="0" nPathComplexity="0" sequenceCoverage="100.0" branchCoverage="0" crapScore="0" isConstructor="false" isStatic="false" isGetter="false" isSetter="false">
              <Summary numSequencePoints="31" visitedSequencePoints="31" numBranchPoints="0" visitedBranchPoints="0" sequenceCoverage="100.0" branchCoverage="0" maxCyclomaticComplexity="0" minCyclomaticComplexity="0" maxCrapScore="0" minCrapScore="0" visitedClasses="0" numClasses="0" visitedMethods="1" numMethods="1" />
              <MetadataToken>100663321</MetadataToken>
              <Name>System.Void JGM.Controller.RowsResult::Calculate(JGM.Controller.BoardController)</Name>
              <FileRef uid="6" />
              <SequencePoints>
                <SequencePoint vc="9" uspid="689" ordinal="0" offset="0" sl="15" sc="9" el="15" ec="9" bec="0" bev="0" fileid="6" />
                <SequencePoint vc="9" uspid="690" ordinal="0" offset="1" sl="16" sc="18" el="16" ec="18" bec="0" bev="0" fileid="6" />
                <SequencePoint vc="21" uspid="691" ordinal="0" offset="8" sl="17" sc="13" el="17" ec="13" bec="0" bev="0" fileid="6" />
                <SequencePoint vc="21" uspid="692" ordinal="0" offset="9" sl="18" sc="17" el="18" ec="17" bec="0" bev="0" fileid="6" />
                <SequencePoint vc="21" uspid="693" ordinal="0" offset="11" sl="19" sc="17" el="19" ec="17" bec="0" bev="0" fileid="6" />
                <SequencePoint vc="21" uspid="694" ordinal="0" offset="13" sl="21" sc="22" el="21" ec="22" bec="0" bev="0" fileid="6" />
                <SequencePoint vc="63" uspid="695" ordinal="0" offset="20" sl="22" sc="17" el="22" ec="17" bec="0" bev="0" fileid="6" />
                <SequencePoint vc="63" uspid="696" ordinal="0" offset="21" sl="23" sc="21" el="23" ec="21" bec="0" bev="0" fileid="6" />
                <SequencePoint vc="63" uspid="697" ordinal="0" offset="30" sl="24" sc="21" el="24" ec="21" bec="0" bev="0" fileid="6" />
                <SequencePoint vc="63" uspid="698" ordinal="0" offset="40" sl="26" sc="21" el="26" ec="21" bec="0" bev="0" fileid="6" />
                <SequencePoint vc="19" uspid="699" ordinal="0" offset="61" sl="27" sc="21" el="27" ec="21" bec="0" bev="0" fileid="6" />
                <SequencePoint vc="19" uspid="700" ordinal="0" offset="62" sl="28" sc="25" el="28" ec="25" bec="0" bev="0" fileid="6" />
                <SequencePoint vc="19" uspid="701" ordinal="0" offset="65" sl="29" sc="25" el="29" ec="25" bec="0" bev="0" fileid="6" />
                <SequencePoint vc="19" uspid="702" ordinal="0" offset="69" sl="30" sc="21" el="30" ec="21" bec="0" bev="0" fileid="6" />
                <SequencePoint vc="44" uspid="703" ordinal="0" offset="72" sl="31" sc="26" el="31" ec="26" bec="0" bev="0" fileid="6" />
                <SequencePoint vc="19" uspid="704" ordinal="0" offset="94" sl="32" sc="21" el="32" ec="21" bec="0" bev="0" fileid="6" />
                <SequencePoint vc="19" uspid="705" ordinal="0" offset="95" sl="33" sc="25" el="33" ec="25" bec="0" bev="0" fileid="6" />
                <SequencePoint vc="19" uspid="706" ordinal="0" offset="99" sl="35" sc="25" el="35" ec="25" bec="0" bev="0" fileid="6" />
                <SequencePoint vc="6" uspid="707" ordinal="0" offset="109" sl="36" sc="25" el="36" ec="25" bec="0" bev="0" fileid="6" />
                <SequencePoint vc="6" uspid="708" ordinal="0" offset="110" sl="37" sc="29" el="37" ec="29" bec="0" bev="0" fileid="6" />
                <SequencePoint vc="6" uspid="709" ordinal="0" offset="133" sl="38" sc="29" el="38" ec="29" bec="0" bev="0" fileid="6" />
                <SequencePoint vc="6" uspid="710" ordinal="0" offset="141" sl="39" sc="29" el="39" ec="29" bec="0" bev="0" fileid="6" />
                <SequencePoint vc="13" uspid="711" ordinal="0" offset="143" sl="41" sc="21" el="41" ec="21" bec="0" bev="0" fileid="6" />
                <SequencePoint vc="57" uspid="712" ordinal="0" offset="144" sl="42" sc="17" el="42" ec="17" bec="0" bev="0" fileid="6" />
                <SequencePoint vc="57" uspid="713" ordinal="0" offset="145" sl="21" sc="62" el="21" ec="62" bec="0" bev="0" fileid="6" />
                <SequencePoint vc="78" uspid="714" ordinal="0" offset="149" sl="21" sc="33" el="21" ec="33" bec="0" bev="0" fileid="6" />
                <SequencePoint vc="15" uspid="715" ordinal="0" offset="167" sl="43" sc="13" el="43" ec="13" bec="0" bev="0" fileid="6" />
                <SequencePoint vc="15" uspid="716" ordinal="0" offset="168" sl="16" sc="55" el="16" ec="55" bec="0" bev="0" fileid="6" />
                <SequencePoint vc="24" uspid="717" ordinal="0" offset="172" sl="16" sc="29" el="16" ec="29" bec="0" bev="0" fileid="6" />
                <SequencePoint vc="3" uspid="718" ordinal="0" offset="190" sl="45" sc="13" el="45" ec="13" bec="0" bev="0" fileid="6" />
                <SequencePoint vc="9" uspid="719" ordinal="0" offset="203" sl="46" sc="9" el="46" ec="9" bec="0" bev="0" fileid="6" />
              </SequencePoints>
              <BranchPoints />
            </Method>
          </Methods>
        </Class>
      </Classes>
    </Module>
    <Module>
      <Summary numSequencePoints="38" visitedSequencePoints="38" numBranchPoints="0" visitedBranchPoints="0" sequenceCoverage="100.0" branchCoverage="0.0" maxCyclomaticComplexity="0" minCyclomaticComplexity="0" maxCrapScore="0" minCrapScore="0" visitedClasses="2" numClasses="2" visitedMethods="5" numMethods="5" />
      <ModuleTime>0001-01-01T00:00:00</ModuleTime>
      <ModuleName>JGM.Tests</ModuleName>
      <Files>
        <File uid="7" fullPath="C:/Users/Freee/Documents/GitHub/TicTacToeTDD/Assets/Tests/OldTests.cs" />
        <File uid="8" fullPath="C:/Users/Freee/Documents/GitHub/TicTacToeTDD/Assets/Tests/BoardModelTest.cs" />
        <File uid="9" fullPath="C:/Users/Freee/Documents/GitHub/TicTacToeTDD/Assets/Tests/RowsResultTest.cs" />
        <File uid="10" fullPath="C:/Users/Freee/Documents/GitHub/TicTacToeTDD/Assets/Tests/TokenModelTest.cs" />
      </Files>
      <Classes>
        <Class>
          <Summary numSequencePoints="37" visitedSequencePoints="37" numBranchPoints="0" visitedBranchPoints="0" sequenceCoverage="100.0" branchCoverage="0.0" maxCyclomaticComplexity="0" minCyclomaticComplexity="0" maxCrapScore="0" minCrapScore="0" visitedClasses="1" numClasses="1" visitedMethods="4" numMethods="4" />
          <FullName>JGM.Tests.RowsResultTest</FullName>
          <Methods>
            <Method visited="true" cyclomaticComplexity="0" nPathComplexity="0" sequenceCoverage="100.0" branchCoverage="0" crapScore="0" isConstructor="false" isStatic="false" isGetter="false" isSetter="false">
              <Summary numSequencePoints="8" visitedSequencePoints="8" numBranchPoints="0" visitedBranchPoints="0" sequenceCoverage="100.0" branchCoverage="0" maxCyclomaticComplexity="0" minCyclomaticComplexity="0" maxCrapScore="0" minCrapScore="0" visitedClasses="0" numClasses="0" visitedMethods="1" numMethods="1" />
              <MetadataToken>100663326</MetadataToken>
              <Name>System.Void JGM.Tests.RowsResultTest::SetUp()</Name>
              <FileRef uid="9" />
              <SequencePoints>
                <SequencePoint vc="9" uspid="965" ordinal="0" offset="0" sl="20" sc="9" el="20" ec="9" bec="0" bev="0" fileid="9" />
                <SequencePoint vc="9" uspid="966" ordinal="0" offset="1" sl="21" sc="13" el="21" ec="13" bec="0" bev="0" fileid="9" />
                <SequencePoint vc="9" uspid="967" ordinal="0" offset="12" sl="22" sc="13" el="22" ec="13" bec="0" bev="0" fileid="9" />
                <SequencePoint vc="9" uspid="968" ordinal="0" offset="34" sl="23" sc="13" el="23" ec="13" bec="0" bev="0" fileid="9" />
                <SequencePoint vc="9" uspid="969" ordinal="0" offset="45" sl="24" sc="13" el="24" ec="13" bec="0" bev="0" fileid="9" />
                <SequencePoint vc="9" uspid="970" ordinal="0" offset="120" sl="25" sc="13" el="25" ec="13" bec="0" bev="0" fileid="9" />
                <SequencePoint vc="9" uspid="971" ordinal="0" offset="195" sl="26" sc="13" el="26" ec="13" bec="0" bev="0" fileid="9" />
                <SequencePoint vc="9" uspid="972" ordinal="0" offset="213" sl="27" sc="9" el="27" ec="9" bec="0" bev="0" fileid="9" />
              </SequencePoints>
              <BranchPoints />
            </Method>
            <Method visited="true" cyclomaticComplexity="0" nPathComplexity="0" sequenceCoverage="100.0" branchCoverage="0" crapScore="0" isConstructor="false" isStatic="false" isGetter="false" isSetter="false">
              <Summary numSequencePoints="7" visitedSequencePoints="7" numBranchPoints="0" visitedBranchPoints="0" sequenceCoverage="100.0" branchCoverage="0" maxCyclomaticComplexity="0" minCyclomaticComplexity="0" maxCrapScore="0" minCrapScore="0" visitedClasses="0" numClasses="0" visitedMethods="1" numMethods="1" />
              <MetadataToken>100663327</MetadataToken>
              <Name>System.Void JGM.Tests.RowsResultTest::When_CalculatingWinnerResult_Expect_GameIsPlayingAsFalse(System.Single, System.Int32[])</Name>
              <FileRef uid="9" />
              <SequencePoints>
                <SequencePoint vc="6" uspid="973" ordinal="0" offset="0" sl="54" sc="9" el="54" ec="9" bec="0" bev="0" fileid="9" />
                <SequencePoint vc="6" uspid="974" ordinal="0" offset="1" sl="55" sc="13" el="55" ec="13" bec="0" bev="0" fileid="9" />
                <SequencePoint vc="6" uspid="975" ordinal="0" offset="9" sl="56" sc="13" el="56" ec="13" bec="0" bev="0" fileid="9" />
                <SequencePoint vc="6" uspid="976" ordinal="0" offset="32" sl="57" sc="13" el="57" ec="13" bec="0" bev="0" fileid="9" />
                <SequencePoint vc="2" uspid="977" ordinal="0" offset="143" sl="58" sc="13" el="58" ec="13" bec="0" bev="0" fileid="9" />
                <SequencePoint vc="2" uspid="978" ordinal="0" offset="167" sl="59" sc="13" el="59" ec="13" bec="0" bev="0" fileid="9" />
                <SequencePoint vc="2" uspid="979" ordinal="0" offset="189" sl="60" sc="9" el="60" ec="9" bec="0" bev="0" fileid="9" />
              </SequencePoints>
              <BranchPoints />
            </Method>
            <Method visited="true" cyclomaticComplexity="0" nPathComplexity="0" sequenceCoverage="100.0" branchCoverage="0" crapScore="0" isConstructor="false" isStatic="false" isGetter="false" isSetter="false">
              <Summary numSequencePoints="6" visitedSequencePoints="6" numBranchPoints="0" visitedBranchPoints="0" sequenceCoverage="100.0" branchCoverage="0" maxCyclomaticComplexity="0" minCyclomaticComplexity="0" maxCrapScore="0" minCrapScore="0" visitedClasses="0" numClasses="0" visitedMethods="1" numMethods="1" />
              <MetadataToken>100663328</MetadataToken>
              <Name>System.Void JGM.Tests.RowsResultTest::When_CalculatingNoWinnerResult_Expect_GameIsPlayingAsTrue(System.Int32[])</Name>
              <FileRef uid="9" />
              <SequencePoints>
                <SequencePoint vc="3" uspid="980" ordinal="0" offset="0" sl="72" sc="9" el="72" ec="9" bec="0" bev="0" fileid="9" />
                <SequencePoint vc="3" uspid="981" ordinal="0" offset="1" sl="73" sc="13" el="73" ec="13" bec="0" bev="0" fileid="9" />
                <SequencePoint vc="3" uspid="982" ordinal="0" offset="9" sl="74" sc="13" el="74" ec="13" bec="0" bev="0" fileid="9" />
                <SequencePoint vc="3" uspid="983" ordinal="0" offset="32" sl="75" sc="13" el="75" ec="13" bec="0" bev="0" fileid="9" />
                <SequencePoint vc="3" uspid="984" ordinal="0" offset="143" sl="76" sc="13" el="76" ec="13" bec="0" bev="0" fileid="9" />
                <SequencePoint vc="3" uspid="985" ordinal="0" offset="165" sl="77" sc="9" el="77" ec="9" bec="0" bev="0" fileid="9" />
              </SequencePoints>
              <BranchPoints />
            </Method>
            <Method visited="true" cyclomaticComplexity="0" nPathComplexity="0" sequenceCoverage="100.0" branchCoverage="0" crapScore="0" isConstructor="false" isStatic="false" isGetter="false" isSetter="false">
              <Summary numSequencePoints="16" visitedSequencePoints="16" numBranchPoints="0" visitedBranchPoints="0" sequenceCoverage="100.0" branchCoverage="0" maxCyclomaticComplexity="0" minCyclomaticComplexity="0" maxCrapScore="0" minCrapScore="0" visitedClasses="0" numClasses="0" visitedMethods="1" numMethods="1" />
              <MetadataToken>100663329</MetadataToken>
              <Name>System.Void JGM.Tests.RowsResultTest::FillBoardWithValues(System.Int32[])</Name>
              <FileRef uid="9" />
              <SequencePoints>
                <SequencePoint vc="9" uspid="986" ordinal="0" offset="6" sl="80" sc="9" el="80" ec="9" bec="0" bev="0" fileid="9" />
                <SequencePoint vc="9" uspid="987" ordinal="0" offset="7" sl="81" sc="13" el="81" ec="13" bec="0" bev="0" fileid="9" />
                <SequencePoint vc="9" uspid="988" ordinal="0" offset="20" sl="82" sc="13" el="82" ec="13" bec="0" bev="0" fileid="9" />
                <SequencePoint vc="9" uspid="989" ordinal="0" offset="22" sl="83" sc="18" el="83" ec="18" bec="0" bev="0" fileid="9" />
                <SequencePoint vc="27" uspid="990" ordinal="0" offset="26" sl="84" sc="13" el="84" ec="13" bec="0" bev="0" fileid="9" />
                <SequencePoint vc="27" uspid="991" ordinal="0" offset="27" sl="85" sc="22" el="85" ec="22" bec="0" bev="0" fileid="9" />
                <SequencePoint vc="81" uspid="992" ordinal="0" offset="31" sl="86" sc="17" el="86" ec="17" bec="0" bev="0" fileid="9" />
                <SequencePoint vc="81" uspid="993" ordinal="0" offset="32" sl="87" sc="21" el="87" ec="21" bec="0" bev="0" fileid="9" />
                <SequencePoint vc="81" uspid="994" ordinal="0" offset="58" sl="88" sc="17" el="88" ec="17" bec="0" bev="0" fileid="9" />
                <SequencePoint vc="81" uspid="995" ordinal="0" offset="59" sl="85" sc="57" el="85" ec="57" bec="0" bev="0" fileid="9" />
                <SequencePoint vc="108" uspid="996" ordinal="0" offset="63" sl="85" sc="33" el="85" ec="33" bec="0" bev="0" fileid="9" />
                <SequencePoint vc="27" uspid="997" ordinal="0" offset="83" sl="89" sc="13" el="89" ec="13" bec="0" bev="0" fileid="9" />
                <SequencePoint vc="27" uspid="998" ordinal="0" offset="84" sl="83" sc="50" el="83" ec="50" bec="0" bev="0" fileid="9" />
                <SequencePoint vc="36" uspid="999" ordinal="0" offset="88" sl="83" sc="29" el="83" ec="29" bec="0" bev="0" fileid="9" />
                <SequencePoint vc="9" uspid="1000" ordinal="0" offset="108" sl="90" sc="13" el="90" ec="13" bec="0" bev="0" fileid="9" />
                <SequencePoint vc="9" uspid="1001" ordinal="0" offset="232" sl="91" sc="9" el="91" ec="9" bec="0" bev="0" fileid="9" />
              </SequencePoints>
              <BranchPoints />
            </Method>
          </Methods>
        </Class>
        <Class>
          <Summary numSequencePoints="1" visitedSequencePoints="1" numBranchPoints="0" visitedBranchPoints="0" sequenceCoverage="100.0" branchCoverage="0.0" maxCyclomaticComplexity="0" minCyclomaticComplexity="0" maxCrapScore="0" minCrapScore="0" visitedClasses="1" numClasses="1" visitedMethods="1" numMethods="1" />
          <FullName>JGM.Tests.RowsResultTest/&lt;&gt;c__DisplayClass7_0</FullName>
          <Methods>
            <Method visited="true" cyclomaticComplexity="0" nPathComplexity="0" sequenceCoverage="100.0" branchCoverage="0" crapScore="0" isConstructor="false" isStatic="false" isGetter="false" isSetter="false">
              <Summary numSequencePoints="1" visitedSequencePoints="1" numBranchPoints="0" visitedBranchPoints="0" sequenceCoverage="100.0" branchCoverage="0" maxCyclomaticComplexity="0" minCyclomaticComplexity="0" maxCrapScore="0" minCrapScore="0" visitedClasses="0" numClasses="0" visitedMethods="1" numMethods="1" />
              <MetadataToken>100663336</MetadataToken>
              <Name>System.Int32 JGM.Tests.RowsResultTest/&lt;&gt;c__DisplayClass7_0::&lt;FillBoardWithValues&gt;b__1(UnityEngine.Vector2Int)</Name>
              <FileRef uid="9" />
              <SequencePoints>
                <SequencePoint vc="63" uspid="1006" ordinal="0" offset="0" sl="90" sc="121" el="90" ec="121" bec="0" bev="0" fileid="9" />
              </SequencePoints>
              <BranchPoints />
            </Method>
          </Methods>
        </Class>
      </Classes>
    </Module>
    <Module>
      <Summary numSequencePoints="36" visitedSequencePoints="36" numBranchPoints="0" visitedBranchPoints="0" sequenceCoverage="100.0" branchCoverage="0.0" maxCyclomaticComplexity="0" minCyclomaticComplexity="0" maxCrapScore="0" minCrapScore="0" visitedClasses="1" numClasses="1" visitedMethods="6" numMethods="6" />
      <ModuleTime>0001-01-01T00:00:00</ModuleTime>
      <ModuleName>JGM.Model</ModuleName>
      <Files>
        <File uid="11" fullPath="C:/Users/Freee/Documents/GitHub/TicTacToeTDD/Assets/Scripts/Model/BoardModel.cs" />
        <File uid="12" fullPath="C:/Users/Freee/Documents/GitHub/TicTacToeTDD/Assets/Scripts/Model/TokenModel.cs" />
      </Files>
      <Classes>
        <Class>
          <Summary numSequencePoints="36" visitedSequencePoints="36" numBranchPoints="0" visitedBranchPoints="0" sequenceCoverage="100.0" branchCoverage="0.0" maxCyclomaticComplexity="0" minCyclomaticComplexity="0" maxCrapScore="0" minCrapScore="0" visitedClasses="1" numClasses="1" visitedMethods="6" numMethods="6" />
          <FullName>JGM.Model.BoardModel</FullName>
          <Methods>
            <Method visited="true" cyclomaticComplexity="0" nPathComplexity="0" sequenceCoverage="100.0" branchCoverage="0" crapScore="0" isConstructor="false" isStatic="false" isGetter="true" isSetter="false">
              <Summary numSequencePoints="1" visitedSequencePoints="1" numBranchPoints="0" visitedBranchPoints="0" sequenceCoverage="100.0" branchCoverage="0" maxCyclomaticComplexity="0" minCyclomaticComplexity="0" maxCrapScore="0" minCrapScore="0" visitedClasses="0" numClasses="0" visitedMethods="1" numMethods="1" />
              <MetadataToken>100663297</MetadataToken>
              <Name>System.Int32 JGM.Model.BoardModel::get_Rows()</Name>
              <FileRef uid="11" />
              <SequencePoints>
                <SequencePoint vc="36" uspid="1007" ordinal="0" offset="0" sl="8" sc="28" el="8" ec="28" bec="0" bev="0" fileid="11" />
              </SequencePoints>
              <BranchPoints />
            </Method>
            <Method visited="true" cyclomaticComplexity="0" nPathComplexity="0" sequenceCoverage="100.0" branchCoverage="0" crapScore="0" isConstructor="false" isStatic="false" isGetter="true" isSetter="false">
              <Summary numSequencePoints="1" visitedSequencePoints="1" numBranchPoints="0" visitedBranchPoints="0" sequenceCoverage="100.0" branchCoverage="0" maxCyclomaticComplexity="0" minCyclomaticComplexity="0" maxCrapScore="0" minCrapScore="0" visitedClasses="0" numClasses="0" visitedMethods="1" numMethods="1" />
              <MetadataToken>100663298</MetadataToken>
              <Name>System.Int32 JGM.Model.BoardModel::get_Columns()</Name>
              <FileRef uid="11" />
              <SequencePoints>
                <SequencePoint vc="108" uspid="1008" ordinal="0" offset="0" sl="9" sc="31" el="9" ec="31" bec="0" bev="0" fileid="11" />
              </SequencePoints>
              <BranchPoints />
            </Method>
            <Method visited="true" cyclomaticComplexity="0" nPathComplexity="0" sequenceCoverage="100.0" branchCoverage="0" crapScore="0" isConstructor="false" isStatic="false" isGetter="false" isSetter="false">
              <Summary numSequencePoints="13" visitedSequencePoints="13" numBranchPoints="0" visitedBranchPoints="0" sequenceCoverage="100.0" branchCoverage="0" maxCyclomaticComplexity="0" minCyclomaticComplexity="0" maxCrapScore="0" minCrapScore="0" visitedClasses="0" numClasses="0" visitedMethods="1" numMethods="1" />
              <MetadataToken>100663300</MetadataToken>
              <Name>System.Void JGM.Model.BoardModel::ClearCells()</Name>
              <FileRef uid="11" />
              <SequencePoints>
                <SequencePoint vc="9" uspid="1009" ordinal="0" offset="0" sl="25" sc="9" el="25" ec="9" bec="0" bev="0" fileid="11" />
                <SequencePoint vc="9" uspid="1010" ordinal="0" offset="1" sl="26" sc="18" el="26" ec="18" bec="0" bev="0" fileid="11" />
                <SequencePoint vc="27" uspid="1011" ordinal="0" offset="5" sl="27" sc="13" el="27" ec="13" bec="0" bev="0" fileid="11" />
                <SequencePoint vc="27" uspid="1012" ordinal="0" offset="6" sl="28" sc="22" el="28" ec="22" bec="0" bev="0" fileid="11" />
                <SequencePoint vc="81" uspid="1013" ordinal="0" offset="10" sl="29" sc="17" el="29" ec="17" bec="0" bev="0" fileid="11" />
                <SequencePoint vc="81" uspid="1014" ordinal="0" offset="11" sl="30" sc="21" el="30" ec="21" bec="0" bev="0" fileid="11" />
                <SequencePoint vc="81" uspid="1015" ordinal="0" offset="25" sl="31" sc="17" el="31" ec="17" bec="0" bev="0" fileid="11" />
                <SequencePoint vc="81" uspid="1016" ordinal="0" offset="26" sl="28" sc="46" el="28" ec="46" bec="0" bev="0" fileid="11" />
                <SequencePoint vc="108" uspid="1017" ordinal="0" offset="30" sl="28" sc="33" el="28" ec="33" bec="0" bev="0" fileid="11" />
                <SequencePoint vc="27" uspid="1018" ordinal="0" offset="43" sl="32" sc="13" el="32" ec="13" bec="0" bev="0" fileid="11" />
                <SequencePoint vc="27" uspid="1019" ordinal="0" offset="44" sl="26" sc="39" el="26" ec="39" bec="0" bev="0" fileid="11" />
                <SequencePoint vc="36" uspid="1020" ordinal="0" offset="48" sl="26" sc="29" el="26" ec="29" bec="0" bev="0" fileid="11" />
                <SequencePoint vc="9" uspid="1021" ordinal="0" offset="61" sl="33" sc="9" el="33" ec="9" bec="0" bev="0" fileid="11" />
              </SequencePoints>
              <BranchPoints />
            </Method>
            <Method visited="true" cyclomaticComplexity="0" nPathComplexity="0" sequenceCoverage="100.0" branchCoverage="0" crapScore="0" isConstructor="false" isStatic="false" isGetter="false" isSetter="false">
              <Summary numSequencePoints="8" visitedSequencePoints="8" numBranchPoints="0" visitedBranchPoints="0" sequenceCoverage="100.0" branchCoverage="0" maxCyclomaticComplexity="0" minCyclomaticComplexity="0" maxCrapScore="0" minCrapScore="0" visitedClasses="0" numClasses="0" visitedMethods="1" numMethods="1" />
              <MetadataToken>100663301</MetadataToken>
              <Name>System.Void JGM.Model.BoardModel::SetCell(UnityEngine.Vector2Int, System.Int32)</Name>
              <FileRef uid="11" />
              <SequencePoints>
                <SequencePoint vc="81" uspid="1022" ordinal="0" offset="0" sl="36" sc="9" el="36" ec="9" bec="0" bev="0" fileid="11" />
                <SequencePoint vc="81" uspid="1023" ordinal="0" offset="1" sl="37" sc="13" el="37" ec="13" bec="0" bev="0" fileid="11" />
                <SequencePoint vc="81" uspid="1024" ordinal="0" offset="47" sl="38" sc="13" el="38" ec="13" bec="0" bev="0" fileid="11" />
                <SequencePoint vc="81" uspid="1025" ordinal="0" offset="54" sl="39" sc="13" el="39" ec="13" bec="0" bev="0" fileid="11" />
                <SequencePoint vc="81" uspid="1026" ordinal="0" offset="59" sl="40" sc="13" el="40" ec="13" bec="0" bev="0" fileid="11" />
                <SequencePoint vc="81" uspid="1027" ordinal="0" offset="60" sl="41" sc="17" el="41" ec="17" bec="0" bev="0" fileid="11" />
                <SequencePoint vc="81" uspid="1028" ordinal="0" offset="86" sl="42" sc="13" el="42" ec="13" bec="0" bev="0" fileid="11" />
                <SequencePoint vc="81" uspid="1029" ordinal="0" offset="87" sl="43" sc="9" el="43" ec="9" bec="0" bev="0" fileid="11" />
              </SequencePoints>
              <BranchPoints />
            </Method>
            <Method visited="true" cyclomaticComplexity="0" nPathComplexity="0" sequenceCoverage="100.0" branchCoverage="0" crapScore="0" isConstructor="false" isStatic="false" isGetter="false" isSetter="false">
              <Summary numSequencePoints="5" visitedSequencePoints="5" numBranchPoints="0" visitedBranchPoints="0" sequenceCoverage="100.0" branchCoverage="0" maxCyclomaticComplexity="0" minCyclomaticComplexity="0" maxCrapScore="0" minCrapScore="0" visitedClasses="0" numClasses="0" visitedMethods="1" numMethods="1" />
              <MetadataToken>100663302</MetadataToken>
              <Name>System.Int32 JGM.Model.BoardModel::GetCell(UnityEngine.Vector2Int)</Name>
              <FileRef uid="11" />
              <SequencePoints>
                <SequencePoint vc="63" uspid="1030" ordinal="0" offset="0" sl="46" sc="9" el="46" ec="9" bec="0" bev="0" fileid="11" />
                <SequencePoint vc="63" uspid="1031" ordinal="0" offset="1" sl="47" sc="13" el="47" ec="13" bec="0" bev="0" fileid="11" />
                <SequencePoint vc="63" uspid="1032" ordinal="0" offset="47" sl="48" sc="13" el="48" ec="13" bec="0" bev="0" fileid="11" />
                <SequencePoint vc="63" uspid="1033" ordinal="0" offset="54" sl="49" sc="13" el="49" ec="13" bec="0" bev="0" fileid="11" />
                <SequencePoint vc="63" uspid="1034" ordinal="0" offset="88" sl="50" sc="9" el="50" ec="9" bec="0" bev="0" fileid="11" />
              </SequencePoints>
              <BranchPoints />
            </Method>
            <Method visited="true" cyclomaticComplexity="0" nPathComplexity="0" sequenceCoverage="100.0" branchCoverage="0" crapScore="0" isConstructor="true" isStatic="false" isGetter="false" isSetter="false">
              <Summary numSequencePoints="8" visitedSequencePoints="8" numBranchPoints="0" visitedBranchPoints="0" sequenceCoverage="100.0" branchCoverage="0" maxCyclomaticComplexity="0" minCyclomaticComplexity="0" maxCrapScore="0" minCrapScore="0" visitedClasses="0" numClasses="0" visitedMethods="1" numMethods="1" />
              <MetadataToken>100663299</MetadataToken>
              <Name>JGM.Model.BoardModel::BoardModel(System.Int32, System.Int32)</Name>
              <FileRef uid="11" />
              <SequencePoints>
                <SequencePoint vc="9" uspid="1035" ordinal="0" offset="0" sl="15" sc="9" el="15" ec="9" bec="0" bev="0" fileid="11" />
                <SequencePoint vc="9" uspid="1036" ordinal="0" offset="7" sl="16" sc="9" el="16" ec="9" bec="0" bev="0" fileid="11" />
                <SequencePoint vc="9" uspid="1037" ordinal="0" offset="8" sl="17" sc="13" el="17" ec="13" bec="0" bev="0" fileid="11" />
                <SequencePoint vc="9" uspid="1038" ordinal="0" offset="25" sl="18" sc="13" el="18" ec="13" bec="0" bev="0" fileid="11" />
                <SequencePoint vc="9" uspid="1039" ordinal="0" offset="32" sl="19" sc="13" el="19" ec="13" bec="0" bev="0" fileid="11" />
                <SequencePoint vc="9" uspid="1040" ordinal="0" offset="39" sl="20" sc="13" el="20" ec="13" bec="0" bev="0" fileid="11" />
                <SequencePoint vc="9" uspid="1041" ordinal="0" offset="52" sl="21" sc="13" el="21" ec="13" bec="0" bev="0" fileid="11" />
                <SequencePoint vc="9" uspid="1042" ordinal="0" offset="59" sl="22" sc="9" el="22" ec="9" bec="0" bev="0" fileid="11" />
              </SequencePoints>
              <BranchPoints />
            </Method>
          </Methods>
        </Class>
      </Classes>
    </Module>
  </Modules>
</CoverageSession>