<?xml version="1.0" encoding="utf-8"?>
<CoverageSession xmlns:xsd="http://www.w3.org/2001/XMLSchema" xmlns:xsi="http://www.w3.org/2001/XMLSchema-instance" Version="0.0.0.0">
  <Summary numSequencePoints="577" visitedSequencePoints="567" numBranchPoints="0" visitedBranchPoints="0" sequenceCoverage="98.27" branchCoverage="0.0" maxCyclomaticComplexity="0" minCyclomaticComplexity="0" maxCrapScore="0" minCrapScore="0" visitedClasses="19" numClasses="19" visitedMethods="93" numMethods="93" />
  <Modules>
    <Module>
      <Summary numSequencePoints="85" visitedSequencePoints="75" numBranchPoints="0" visitedBranchPoints="0" sequenceCoverage="88.24" branchCoverage="0.0" maxCyclomaticComplexity="0" minCyclomaticComplexity="0" maxCrapScore="0" minCrapScore="0" visitedClasses="1" numClasses="1" visitedMethods="13" numMethods="13" />
      <ModuleTime>0001-01-01T00:00:00</ModuleTime>
      <ModuleName>JGM.View</ModuleName>
      <Files>
        <File uid="1" fullPath="C:/Users/Freee/Documents/GitHub/TicTacToeTDD/Assets/Scripts/View/BoardView.cs" />
      </Files>
      <Classes>
        <Class>
          <Summary numSequencePoints="85" visitedSequencePoints="75" numBranchPoints="0" visitedBranchPoints="0" sequenceCoverage="88.24" branchCoverage="0.0" maxCyclomaticComplexity="0" minCyclomaticComplexity="0" maxCrapScore="0" minCrapScore="0" visitedClasses="1" numClasses="1" visitedMethods="13" numMethods="13" />
          <FullName>JGM.View.BoardView</FullName>
          <Methods>
            <Method visited="true" cyclomaticComplexity="0" nPathComplexity="0" sequenceCoverage="100.0" branchCoverage="0" crapScore="0" isConstructor="false" isStatic="false" isGetter="true" isSetter="false">
              <Summary numSequencePoints="1" visitedSequencePoints="1" numBranchPoints="0" visitedBranchPoints="0" sequenceCoverage="100.0" branchCoverage="0" maxCyclomaticComplexity="0" minCyclomaticComplexity="0" maxCrapScore="0" minCrapScore="0" visitedClasses="0" numClasses="0" visitedMethods="1" numMethods="1" />
              <MetadataToken>100663297</MetadataToken>
              <Name>System.Boolean JGM.View.BoardView::get_ShouldDrawTitle()</Name>
              <FileRef uid="1" />
              <SequencePoints>
                <SequencePoint vc="220" uspid="578" ordinal="0" offset="0" sl="9" sc="39" el="9" ec="39" bec="0" bev="0" fileid="1" />
              </SequencePoints>
              <BranchPoints />
            </Method>
            <Method visited="true" cyclomaticComplexity="0" nPathComplexity="0" sequenceCoverage="100.0" branchCoverage="0" crapScore="0" isConstructor="false" isStatic="false" isGetter="false" isSetter="true">
              <Summary numSequencePoints="1" visitedSequencePoints="1" numBranchPoints="0" visitedBranchPoints="0" sequenceCoverage="100.0" branchCoverage="0" maxCyclomaticComplexity="0" minCyclomaticComplexity="0" maxCrapScore="0" minCrapScore="0" visitedClasses="0" numClasses="0" visitedMethods="1" numMethods="1" />
              <MetadataToken>100663298</MetadataToken>
              <Name>System.Void JGM.View.BoardView::set_ShouldDrawTitle(System.Boolean)</Name>
              <FileRef uid="1" />
              <SequencePoints>
                <SequencePoint vc="2" uspid="579" ordinal="0" offset="0" sl="9" sc="44" el="9" ec="44" bec="0" bev="0" fileid="1" />
              </SequencePoints>
              <BranchPoints />
            </Method>
            <Method visited="true" cyclomaticComplexity="0" nPathComplexity="0" sequenceCoverage="100.0" branchCoverage="0" crapScore="0" isConstructor="false" isStatic="false" isGetter="true" isSetter="false">
              <Summary numSequencePoints="1" visitedSequencePoints="1" numBranchPoints="0" visitedBranchPoints="0" sequenceCoverage="100.0" branchCoverage="0" maxCyclomaticComplexity="0" minCyclomaticComplexity="0" maxCrapScore="0" minCrapScore="0" visitedClasses="0" numClasses="0" visitedMethods="1" numMethods="1" />
              <MetadataToken>100663299</MetadataToken>
              <Name>System.Boolean JGM.View.BoardView::get_ShouldDrawBoard()</Name>
              <FileRef uid="1" />
              <SequencePoints>
                <SequencePoint vc="220" uspid="580" ordinal="0" offset="0" sl="10" sc="39" el="10" ec="39" bec="0" bev="0" fileid="1" />
              </SequencePoints>
              <BranchPoints />
            </Method>
            <Method visited="true" cyclomaticComplexity="0" nPathComplexity="0" sequenceCoverage="100.0" branchCoverage="0" crapScore="0" isConstructor="false" isStatic="false" isGetter="false" isSetter="true">
              <Summary numSequencePoints="1" visitedSequencePoints="1" numBranchPoints="0" visitedBranchPoints="0" sequenceCoverage="100.0" branchCoverage="0" maxCyclomaticComplexity="0" minCyclomaticComplexity="0" maxCrapScore="0" minCrapScore="0" visitedClasses="0" numClasses="0" visitedMethods="1" numMethods="1" />
              <MetadataToken>100663300</MetadataToken>
              <Name>System.Void JGM.View.BoardView::set_ShouldDrawBoard(System.Boolean)</Name>
              <FileRef uid="1" />
              <SequencePoints>
                <SequencePoint vc="2" uspid="581" ordinal="0" offset="0" sl="10" sc="44" el="10" ec="44" bec="0" bev="0" fileid="1" />
              </SequencePoints>
              <BranchPoints />
            </Method>
            <Method visited="true" cyclomaticComplexity="0" nPathComplexity="0" sequenceCoverage="100.0" branchCoverage="0" crapScore="0" isConstructor="false" isStatic="false" isGetter="true" isSetter="false">
              <Summary numSequencePoints="1" visitedSequencePoints="1" numBranchPoints="0" visitedBranchPoints="0" sequenceCoverage="100.0" branchCoverage="0" maxCyclomaticComplexity="0" minCyclomaticComplexity="0" maxCrapScore="0" minCrapScore="0" visitedClasses="0" numClasses="0" visitedMethods="1" numMethods="1" />
              <MetadataToken>100663301</MetadataToken>
              <Name>System.Boolean JGM.View.BoardView::get_ShouldDrawPlayAgainButton()</Name>
              <FileRef uid="1" />
              <SequencePoints>
                <SequencePoint vc="221" uspid="582" ordinal="0" offset="0" sl="11" sc="50" el="11" ec="50" bec="0" bev="0" fileid="1" />
              </SequencePoints>
              <BranchPoints />
            </Method>
            <Method visited="true" cyclomaticComplexity="0" nPathComplexity="0" sequenceCoverage="100.0" branchCoverage="0" crapScore="0" isConstructor="false" isStatic="false" isGetter="false" isSetter="false">
              <Summary numSequencePoints="3" visitedSequencePoints="3" numBranchPoints="0" visitedBranchPoints="0" sequenceCoverage="100.0" branchCoverage="0" maxCyclomaticComplexity="0" minCyclomaticComplexity="0" maxCrapScore="0" minCrapScore="0" visitedClasses="0" numClasses="0" visitedMethods="1" numMethods="1" />
              <MetadataToken>100663302</MetadataToken>
              <Name>System.Void JGM.View.BoardView::Initialize(JGM.Controller.BoardController)</Name>
              <FileRef uid="1" />
              <SequencePoints>
                <SequencePoint vc="9" uspid="583" ordinal="0" offset="0" sl="28" sc="9" el="28" ec="9" bec="0" bev="0" fileid="1" />
                <SequencePoint vc="9" uspid="584" ordinal="0" offset="1" sl="29" sc="13" el="29" ec="13" bec="0" bev="0" fileid="1" />
                <SequencePoint vc="9" uspid="585" ordinal="0" offset="8" sl="30" sc="9" el="30" ec="9" bec="0" bev="0" fileid="1" />
              </SequencePoints>
              <BranchPoints />
            </Method>
            <Method visited="true" cyclomaticComplexity="0" nPathComplexity="0" sequenceCoverage="100.0" branchCoverage="0" crapScore="0" isConstructor="false" isStatic="false" isGetter="false" isSetter="false">
              <Summary numSequencePoints="3" visitedSequencePoints="3" numBranchPoints="0" visitedBranchPoints="0" sequenceCoverage="100.0" branchCoverage="0" maxCyclomaticComplexity="0" minCyclomaticComplexity="0" maxCrapScore="0" minCrapScore="0" visitedClasses="0" numClasses="0" visitedMethods="1" numMethods="1" />
              <MetadataToken>100663303</MetadataToken>
              <Name>System.Void JGM.View.BoardView::Awake()</Name>
              <FileRef uid="1" />
              <SequencePoints>
                <SequencePoint vc="9" uspid="586" ordinal="0" offset="0" sl="33" sc="9" el="33" ec="9" bec="0" bev="0" fileid="1" />
                <SequencePoint vc="9" uspid="587" ordinal="0" offset="1" sl="34" sc="13" el="34" ec="13" bec="0" bev="0" fileid="1" />
                <SequencePoint vc="9" uspid="588" ordinal="0" offset="38" sl="35" sc="9" el="35" ec="9" bec="0" bev="0" fileid="1" />
              </SequencePoints>
              <BranchPoints />
            </Method>
            <Method visited="true" cyclomaticComplexity="0" nPathComplexity="0" sequenceCoverage="100.0" branchCoverage="0" crapScore="0" isConstructor="false" isStatic="false" isGetter="false" isSetter="false">
              <Summary numSequencePoints="5" visitedSequencePoints="5" numBranchPoints="0" visitedBranchPoints="0" sequenceCoverage="100.0" branchCoverage="0" maxCyclomaticComplexity="0" minCyclomaticComplexity="0" maxCrapScore="0" minCrapScore="0" visitedClasses="0" numClasses="0" visitedMethods="1" numMethods="1" />
              <MetadataToken>100663304</MetadataToken>
              <Name>System.Void JGM.View.BoardView::OnGUI()</Name>
              <FileRef uid="1" />
              <SequencePoints>
                <SequencePoint vc="216" uspid="589" ordinal="0" offset="0" sl="38" sc="9" el="38" ec="9" bec="0" bev="0" fileid="1" />
                <SequencePoint vc="216" uspid="590" ordinal="0" offset="1" sl="39" sc="13" el="39" ec="13" bec="0" bev="0" fileid="1" />
                <SequencePoint vc="216" uspid="591" ordinal="0" offset="9" sl="40" sc="13" el="40" ec="13" bec="0" bev="0" fileid="1" />
                <SequencePoint vc="216" uspid="592" ordinal="0" offset="17" sl="41" sc="13" el="41" ec="13" bec="0" bev="0" fileid="1" />
                <SequencePoint vc="216" uspid="593" ordinal="0" offset="26" sl="42" sc="9" el="42" ec="9" bec="0" bev="0" fileid="1" />
              </SequencePoints>
              <BranchPoints />
            </Method>
            <Method visited="true" cyclomaticComplexity="0" nPathComplexity="0" sequenceCoverage="100.0" branchCoverage="0" crapScore="0" isConstructor="false" isStatic="false" isGetter="false" isSetter="false">
              <Summary numSequencePoints="10" visitedSequencePoints="10" numBranchPoints="0" visitedBranchPoints="0" sequenceCoverage="100.0" branchCoverage="0" maxCyclomaticComplexity="0" minCyclomaticComplexity="0" maxCrapScore="0" minCrapScore="0" visitedClasses="0" numClasses="0" visitedMethods="1" numMethods="1" />
              <MetadataToken>100663305</MetadataToken>
              <Name>System.Boolean JGM.View.BoardView::DrawTitle(System.Boolean)</Name>
              <FileRef uid="1" />
              <SequencePoints>
                <SequencePoint vc="218" uspid="594" ordinal="0" offset="0" sl="45" sc="9" el="45" ec="9" bec="0" bev="0" fileid="1" />
                <SequencePoint vc="218" uspid="595" ordinal="0" offset="1" sl="46" sc="13" el="46" ec="13" bec="0" bev="0" fileid="1" />
                <SequencePoint vc="23" uspid="596" ordinal="0" offset="14" sl="47" sc="13" el="47" ec="13" bec="0" bev="0" fileid="1" />
                <SequencePoint vc="23" uspid="597" ordinal="0" offset="15" sl="48" sc="17" el="48" ec="17" bec="0" bev="0" fileid="1" />
                <SequencePoint vc="195" uspid="598" ordinal="0" offset="19" sl="51" sc="13" el="51" ec="13" bec="0" bev="0" fileid="1" />
                <SequencePoint vc="194" uspid="599" ordinal="0" offset="24" sl="52" sc="13" el="52" ec="13" bec="0" bev="0" fileid="1" />
                <SequencePoint vc="194" uspid="600" ordinal="0" offset="25" sl="53" sc="17" el="53" ec="17" bec="0" bev="0" fileid="1" />
                <SequencePoint vc="194" uspid="601" ordinal="0" offset="75" sl="54" sc="13" el="54" ec="13" bec="0" bev="0" fileid="1" />
                <SequencePoint vc="195" uspid="602" ordinal="0" offset="76" sl="56" sc="13" el="56" ec="13" bec="0" bev="0" fileid="1" />
                <SequencePoint vc="218" uspid="603" ordinal="0" offset="80" sl="57" sc="9" el="57" ec="9" bec="0" bev="0" fileid="1" />
              </SequencePoints>
              <BranchPoints />
            </Method>
            <Method visited="true" cyclomaticComplexity="0" nPathComplexity="0" sequenceCoverage="78.79" branchCoverage="0" crapScore="0" isConstructor="false" isStatic="false" isGetter="false" isSetter="false">
              <Summary numSequencePoints="33" visitedSequencePoints="26" numBranchPoints="0" visitedBranchPoints="0" sequenceCoverage="78.79" branchCoverage="0" maxCyclomaticComplexity="0" minCyclomaticComplexity="0" maxCrapScore="0" minCrapScore="0" visitedClasses="0" numClasses="0" visitedMethods="1" numMethods="1" />
              <MetadataToken>100663306</MetadataToken>
              <Name>System.Boolean JGM.View.BoardView::DrawBoard(System.Boolean)</Name>
              <FileRef uid="1" />
              <SequencePoints>
                <SequencePoint vc="218" uspid="604" ordinal="0" offset="0" sl="60" sc="9" el="60" ec="9" bec="0" bev="0" fileid="1" />
                <SequencePoint vc="218" uspid="605" ordinal="0" offset="1" sl="61" sc="13" el="61" ec="13" bec="0" bev="0" fileid="1" />
                <SequencePoint vc="27" uspid="606" ordinal="0" offset="14" sl="62" sc="13" el="62" ec="13" bec="0" bev="0" fileid="1" />
                <SequencePoint vc="27" uspid="607" ordinal="0" offset="15" sl="63" sc="17" el="63" ec="17" bec="0" bev="0" fileid="1" />
                <SequencePoint vc="191" uspid="608" ordinal="0" offset="22" sl="66" sc="13" el="66" ec="13" bec="0" bev="0" fileid="1" />
                <SequencePoint vc="190" uspid="609" ordinal="0" offset="30" sl="67" sc="13" el="67" ec="13" bec="0" bev="0" fileid="1" />
                <SequencePoint vc="190" uspid="610" ordinal="0" offset="31" sl="68" sc="17" el="68" ec="17" bec="0" bev="0" fileid="1" />
                <SequencePoint vc="190" uspid="611" ordinal="0" offset="76" sl="69" sc="17" el="69" ec="17" bec="0" bev="0" fileid="1" />
                <SequencePoint vc="190" uspid="612" ordinal="0" offset="112" sl="71" sc="22" el="71" ec="22" bec="0" bev="0" fileid="1" />
                <SequencePoint vc="570" uspid="613" ordinal="0" offset="119" sl="72" sc="17" el="72" ec="17" bec="0" bev="0" fileid="1" />
                <SequencePoint vc="570" uspid="614" ordinal="0" offset="120" sl="73" sc="26" el="73" ec="26" bec="0" bev="0" fileid="1" />
                <SequencePoint vc="1710" uspid="615" ordinal="0" offset="128" sl="74" sc="21" el="74" ec="21" bec="0" bev="0" fileid="1" />
                <SequencePoint vc="1710" uspid="616" ordinal="0" offset="129" sl="75" sc="25" el="75" ec="25" bec="0" bev="0" fileid="1" />
                <SequencePoint vc="1710" uspid="617" ordinal="0" offset="165" sl="76" sc="25" el="76" ec="25" bec="0" bev="0" fileid="1" />
                <SequencePoint vc="1710" uspid="618" ordinal="0" offset="175" sl="77" sc="25" el="77" ec="25" bec="0" bev="0" fileid="1" />
                <SequencePoint vc="1710" uspid="619" ordinal="0" offset="200" sl="79" sc="25" el="79" ec="25" bec="0" bev="0" fileid="1" />
                <SequencePoint vc="0" uspid="620" ordinal="0" offset="215" sl="80" sc="25" el="80" ec="25" bec="0" bev="0" fileid="1" />
                <SequencePoint vc="0" uspid="621" ordinal="0" offset="216" sl="81" sc="29" el="81" ec="29" bec="0" bev="0" fileid="1" />
                <SequencePoint vc="0" uspid="622" ordinal="0" offset="236" sl="82" sc="29" el="82" ec="29" bec="0" bev="0" fileid="1" />
                <SequencePoint vc="0" uspid="623" ordinal="0" offset="237" sl="83" sc="33" el="83" ec="33" bec="0" bev="0" fileid="1" />
                <SequencePoint vc="0" uspid="624" ordinal="0" offset="239" sl="86" sc="29" el="86" ec="29" bec="0" bev="0" fileid="1" />
                <SequencePoint vc="0" uspid="625" ordinal="0" offset="252" sl="87" sc="29" el="87" ec="29" bec="0" bev="0" fileid="1" />
                <SequencePoint vc="0" uspid="626" ordinal="0" offset="268" sl="88" sc="25" el="88" ec="25" bec="0" bev="0" fileid="1" />
                <SequencePoint vc="1710" uspid="627" ordinal="0" offset="269" sl="89" sc="21" el="89" ec="21" bec="0" bev="0" fileid="1" />
                <SequencePoint vc="1710" uspid="628" ordinal="0" offset="270" sl="73" sc="55" el="73" ec="55" bec="0" bev="0" fileid="1" />
                <SequencePoint vc="2280" uspid="629" ordinal="0" offset="276" sl="73" sc="37" el="73" ec="37" bec="0" bev="0" fileid="1" />
                <SequencePoint vc="570" uspid="630" ordinal="0" offset="295" sl="90" sc="17" el="90" ec="17" bec="0" bev="0" fileid="1" />
                <SequencePoint vc="570" uspid="631" ordinal="0" offset="296" sl="71" sc="48" el="71" ec="48" bec="0" bev="0" fileid="1" />
                <SequencePoint vc="760" uspid="632" ordinal="0" offset="300" sl="71" sc="33" el="71" ec="33" bec="0" bev="0" fileid="1" />
                <SequencePoint vc="190" uspid="633" ordinal="0" offset="318" sl="92" sc="17" el="92" ec="17" bec="0" bev="0" fileid="1" />
                <SequencePoint vc="190" uspid="634" ordinal="0" offset="324" sl="93" sc="13" el="93" ec="13" bec="0" bev="0" fileid="1" />
                <SequencePoint vc="191" uspid="635" ordinal="0" offset="325" sl="95" sc="13" el="95" ec="13" bec="0" bev="0" fileid="1" />
                <SequencePoint vc="218" uspid="636" ordinal="0" offset="329" sl="96" sc="9" el="96" ec="9" bec="0" bev="0" fileid="1" />
              </SequencePoints>
              <BranchPoints />
            </Method>
            <Method visited="true" cyclomaticComplexity="0" nPathComplexity="0" sequenceCoverage="83.33" branchCoverage="0" crapScore="0" isConstructor="false" isStatic="false" isGetter="false" isSetter="false">
              <Summary numSequencePoints="18" visitedSequencePoints="15" numBranchPoints="0" visitedBranchPoints="0" sequenceCoverage="83.33" branchCoverage="0" maxCyclomaticComplexity="0" minCyclomaticComplexity="0" maxCrapScore="0" minCrapScore="0" visitedClasses="0" numClasses="0" visitedMethods="1" numMethods="1" />
              <MetadataToken>100663307</MetadataToken>
              <Name>System.Boolean JGM.View.BoardView::DrawPlayAgainButton(System.Boolean, System.Boolean)</Name>
              <FileRef uid="1" />
              <SequencePoints>
                <SequencePoint vc="219" uspid="637" ordinal="0" offset="0" sl="99" sc="9" el="99" ec="9" bec="0" bev="0" fileid="1" />
                <SequencePoint vc="219" uspid="638" ordinal="0" offset="1" sl="100" sc="13" el="100" ec="13" bec="0" bev="0" fileid="1" />
                <SequencePoint vc="149" uspid="639" ordinal="0" offset="14" sl="101" sc="13" el="101" ec="13" bec="0" bev="0" fileid="1" />
                <SequencePoint vc="149" uspid="640" ordinal="0" offset="15" sl="102" sc="17" el="102" ec="17" bec="0" bev="0" fileid="1" />
                <SequencePoint vc="70" uspid="641" ordinal="0" offset="19" sl="105" sc="13" el="105" ec="13" bec="0" bev="0" fileid="1" />
                <SequencePoint vc="68" uspid="642" ordinal="0" offset="24" sl="106" sc="13" el="106" ec="13" bec="0" bev="0" fileid="1" />
                <SequencePoint vc="68" uspid="643" ordinal="0" offset="25" sl="107" sc="17" el="107" ec="17" bec="0" bev="0" fileid="1" />
                <SequencePoint vc="68" uspid="644" ordinal="0" offset="63" sl="108" sc="17" el="108" ec="17" bec="0" bev="0" fileid="1" />
                <SequencePoint vc="0" uspid="645" ordinal="0" offset="80" sl="109" sc="17" el="109" ec="17" bec="0" bev="0" fileid="1" />
                <SequencePoint vc="0" uspid="646" ordinal="0" offset="81" sl="110" sc="21" el="110" ec="21" bec="0" bev="0" fileid="1" />
                <SequencePoint vc="0" uspid="647" ordinal="0" offset="93" sl="111" sc="17" el="111" ec="17" bec="0" bev="0" fileid="1" />
                <SequencePoint vc="68" uspid="648" ordinal="0" offset="94" sl="112" sc="13" el="112" ec="13" bec="0" bev="0" fileid="1" />
                <SequencePoint vc="2" uspid="649" ordinal="0" offset="97" sl="113" sc="18" el="113" ec="18" bec="0" bev="0" fileid="1" />
                <SequencePoint vc="1" uspid="650" ordinal="0" offset="104" sl="114" sc="13" el="114" ec="13" bec="0" bev="0" fileid="1" />
                <SequencePoint vc="1" uspid="651" ordinal="0" offset="105" sl="115" sc="17" el="115" ec="17" bec="0" bev="0" fileid="1" />
                <SequencePoint vc="1" uspid="652" ordinal="0" offset="117" sl="116" sc="13" el="116" ec="13" bec="0" bev="0" fileid="1" />
                <SequencePoint vc="70" uspid="653" ordinal="0" offset="118" sl="118" sc="13" el="118" ec="13" bec="0" bev="0" fileid="1" />
                <SequencePoint vc="219" uspid="654" ordinal="0" offset="122" sl="119" sc="9" el="119" ec="9" bec="0" bev="0" fileid="1" />
              </SequencePoints>
              <BranchPoints />
            </Method>
            <Method visited="true" cyclomaticComplexity="0" nPathComplexity="0" sequenceCoverage="100.0" branchCoverage="0" crapScore="0" isConstructor="true" isStatic="false" isGetter="false" isSetter="false">
              <Summary numSequencePoints="6" visitedSequencePoints="6" numBranchPoints="0" visitedBranchPoints="0" sequenceCoverage="100.0" branchCoverage="0" maxCyclomaticComplexity="0" minCyclomaticComplexity="0" maxCrapScore="0" minCrapScore="0" visitedClasses="0" numClasses="0" visitedMethods="1" numMethods="1" />
              <MetadataToken>100663308</MetadataToken>
              <Name>JGM.View.BoardView::BoardView()</Name>
              <FileRef uid="1" />
              <SequencePoints>
                <SequencePoint vc="9" uspid="655" ordinal="0" offset="0" sl="9" sc="53" el="9" ec="53" bec="0" bev="0" fileid="1" />
                <SequencePoint vc="9" uspid="656" ordinal="0" offset="7" sl="10" sc="53" el="10" ec="53" bec="0" bev="0" fileid="1" />
                <SequencePoint vc="9" uspid="657" ordinal="0" offset="14" sl="13" sc="26" el="13" ec="26" bec="0" bev="0" fileid="1" />
                <SequencePoint vc="9" uspid="658" ordinal="0" offset="21" sl="14" sc="26" el="14" ec="26" bec="0" bev="0" fileid="1" />
                <SequencePoint vc="9" uspid="659" ordinal="0" offset="28" sl="15" sc="26" el="15" ec="26" bec="0" bev="0" fileid="1" />
                <SequencePoint vc="9" uspid="660" ordinal="0" offset="39" sl="16" sc="39" el="16" ec="39" bec="0" bev="0" fileid="1" />
              </SequencePoints>
              <BranchPoints />
            </Method>
            <Method visited="true" cyclomaticComplexity="0" nPathComplexity="0" sequenceCoverage="100.0" branchCoverage="0" crapScore="0" isConstructor="true" isStatic="true" isGetter="false" isSetter="false">
              <Summary numSequencePoints="2" visitedSequencePoints="2" numBranchPoints="0" visitedBranchPoints="0" sequenceCoverage="100.0" branchCoverage="0" maxCyclomaticComplexity="0" minCyclomaticComplexity="0" maxCrapScore="0" minCrapScore="0" visitedClasses="0" numClasses="0" visitedMethods="1" numMethods="1" />
              <MetadataToken>100663309</MetadataToken>
              <Name>static JGM.View.BoardView::BoardView()</Name>
              <FileRef uid="1" />
              <SequencePoints>
                <SequencePoint vc="1" uspid="661" ordinal="0" offset="0" sl="22" sc="9" el="22" ec="9" bec="0" bev="0" fileid="1" />
                <SequencePoint vc="1" uspid="662" ordinal="0" offset="12" sl="23" sc="9" el="23" ec="9" bec="0" bev="0" fileid="1" />
              </SequencePoints>
              <BranchPoints />
            </Method>
          </Methods>
        </Class>
      </Classes>
    </Module>
    <Module>
      <Summary numSequencePoints="183" visitedSequencePoints="183" numBranchPoints="0" visitedBranchPoints="0" sequenceCoverage="100.0" branchCoverage="0.0" maxCyclomaticComplexity="0" minCyclomaticComplexity="0" maxCrapScore="0" minCrapScore="0" visitedClasses="5" numClasses="5" visitedMethods="30" numMethods="30" />
      <ModuleTime>0001-01-01T00:00:00</ModuleTime>
      <ModuleName>JGM.Controller</ModuleName>
      <Files>
        <File uid="2" fullPath="C:/Users/Freee/Documents/GitHub/TicTacToeTDD/Assets/Scripts/Controller/BoardController.cs" />
        <File uid="3" fullPath="C:/Users/Freee/Documents/GitHub/TicTacToeTDD/Assets/Scripts/Controller/BoardResultController.cs" />
        <File uid="4" fullPath="C:/Users/Freee/Documents/GitHub/TicTacToeTDD/Assets/Scripts/Controller/ColumnsResult.cs" />
        <File uid="5" fullPath="C:/Users/Freee/Documents/GitHub/TicTacToeTDD/Assets/Scripts/Controller/DiagonalsResult.cs" />
        <File uid="6" fullPath="C:/Users/Freee/Documents/GitHub/TicTacToeTDD/Assets/Scripts/Controller/RowsResult.cs" />
      </Files>
      <Classes>
        <Class>
          <Summary numSequencePoints="61" visitedSequencePoints="61" numBranchPoints="0" visitedBranchPoints="0" sequenceCoverage="100.0" branchCoverage="0.0" maxCyclomaticComplexity="0" minCyclomaticComplexity="0" maxCrapScore="0" minCrapScore="0" visitedClasses="1" numClasses="1" visitedMethods="13" numMethods="13" />
          <FullName>JGM.Controller.BoardController</FullName>
          <Methods>
            <Method visited="true" cyclomaticComplexity="0" nPathComplexity="0" sequenceCoverage="100.0" branchCoverage="0" crapScore="0" isConstructor="false" isStatic="false" isGetter="true" isSetter="false">
              <Summary numSequencePoints="1" visitedSequencePoints="1" numBranchPoints="0" visitedBranchPoints="0" sequenceCoverage="100.0" branchCoverage="0" maxCyclomaticComplexity="0" minCyclomaticComplexity="0" maxCrapScore="0" minCrapScore="0" visitedClasses="0" numClasses="0" visitedMethods="1" numMethods="1" />
              <MetadataToken>100663299</MetadataToken>
              <Name>System.Int32 JGM.Controller.BoardController::get_Rows()</Name>
              <FileRef uid="2" />
              <SequencePoints>
                <SequencePoint vc="44" uspid="663" ordinal="0" offset="0" sl="9" sc="36" el="9" ec="36" bec="0" bev="0" fileid="2" />
              </SequencePoints>
              <BranchPoints />
            </Method>
            <Method visited="true" cyclomaticComplexity="0" nPathComplexity="0" sequenceCoverage="100.0" branchCoverage="0" crapScore="0" isConstructor="false" isStatic="false" isGetter="true" isSetter="false">
              <Summary numSequencePoints="1" visitedSequencePoints="1" numBranchPoints="0" visitedBranchPoints="0" sequenceCoverage="100.0" branchCoverage="0" maxCyclomaticComplexity="0" minCyclomaticComplexity="0" maxCrapScore="0" minCrapScore="0" visitedClasses="0" numClasses="0" visitedMethods="1" numMethods="1" />
              <MetadataToken>100663300</MetadataToken>
              <Name>System.Int32 JGM.Controller.BoardController::get_Columns()</Name>
              <FileRef uid="2" />
              <SequencePoints>
                <SequencePoint vc="124" uspid="664" ordinal="0" offset="0" sl="10" sc="39" el="10" ec="39" bec="0" bev="0" fileid="2" />
              </SequencePoints>
              <BranchPoints />
            </Method>
            <Method visited="true" cyclomaticComplexity="0" nPathComplexity="0" sequenceCoverage="100.0" branchCoverage="0" crapScore="0" isConstructor="false" isStatic="false" isGetter="true" isSetter="false">
              <Summary numSequencePoints="1" visitedSequencePoints="1" numBranchPoints="0" visitedBranchPoints="0" sequenceCoverage="100.0" branchCoverage="0" maxCyclomaticComplexity="0" minCyclomaticComplexity="0" maxCrapScore="0" minCrapScore="0" visitedClasses="0" numClasses="0" visitedMethods="1" numMethods="1" />
              <MetadataToken>100663301</MetadataToken>
              <Name>System.Boolean JGM.Controller.BoardController::get_GameIsPlaying()</Name>
              <FileRef uid="2" />
              <SequencePoints>
                <SequencePoint vc="246" uspid="665" ordinal="0" offset="0" sl="11" sc="37" el="11" ec="37" bec="0" bev="0" fileid="2" />
              </SequencePoints>
              <BranchPoints />
            </Method>
            <Method visited="true" cyclomaticComplexity="0" nPathComplexity="0" sequenceCoverage="100.0" branchCoverage="0" crapScore="0" isConstructor="false" isStatic="false" isGetter="false" isSetter="true">
              <Summary numSequencePoints="1" visitedSequencePoints="1" numBranchPoints="0" visitedBranchPoints="0" sequenceCoverage="100.0" branchCoverage="0" maxCyclomaticComplexity="0" minCyclomaticComplexity="0" maxCrapScore="0" minCrapScore="0" visitedClasses="0" numClasses="0" visitedMethods="1" numMethods="1" />
              <MetadataToken>100663302</MetadataToken>
              <Name>System.Void JGM.Controller.BoardController::set_GameIsPlaying(System.Boolean)</Name>
              <FileRef uid="2" />
              <SequencePoints>
                <SequencePoint vc="89" uspid="666" ordinal="0" offset="0" sl="11" sc="42" el="11" ec="42" bec="0" bev="0" fileid="2" />
              </SequencePoints>
              <BranchPoints />
            </Method>
            <Method visited="true" cyclomaticComplexity="0" nPathComplexity="0" sequenceCoverage="100.0" branchCoverage="0" crapScore="0" isConstructor="false" isStatic="false" isGetter="false" isSetter="false">
              <Summary numSequencePoints="21" visitedSequencePoints="21" numBranchPoints="0" visitedBranchPoints="0" sequenceCoverage="100.0" branchCoverage="0" maxCyclomaticComplexity="0" minCyclomaticComplexity="0" maxCrapScore="0" minCrapScore="0" visitedClasses="0" numClasses="0" visitedMethods="1" numMethods="1" />
              <MetadataToken>100663305</MetadataToken>
              <Name>System.Void JGM.Controller.BoardController::SetCell(UnityEngine.Vector2Int, System.Int32)</Name>
              <FileRef uid="2" />
              <SequencePoints>
                <SequencePoint vc="24" uspid="667" ordinal="0" offset="0" sl="31" sc="9" el="31" ec="9" bec="0" bev="0" fileid="2" />
                <SequencePoint vc="24" uspid="668" ordinal="0" offset="1" sl="32" sc="13" el="32" ec="13" bec="0" bev="0" fileid="2" />
                <SequencePoint vc="23" uspid="669" ordinal="0" offset="14" sl="33" sc="13" el="33" ec="13" bec="0" bev="0" fileid="2" />
                <SequencePoint vc="23" uspid="670" ordinal="0" offset="15" sl="34" sc="17" el="34" ec="17" bec="0" bev="0" fileid="2" />
                <SequencePoint vc="22" uspid="671" ordinal="0" offset="34" sl="35" sc="17" el="35" ec="17" bec="0" bev="0" fileid="2" />
                <SequencePoint vc="22" uspid="672" ordinal="0" offset="35" sl="36" sc="21" el="36" ec="21" bec="0" bev="0" fileid="2" />
                <SequencePoint vc="22" uspid="673" ordinal="0" offset="49" sl="37" sc="21" el="37" ec="21" bec="0" bev="0" fileid="2" />
                <SequencePoint vc="22" uspid="674" ordinal="0" offset="66" sl="38" sc="21" el="38" ec="21" bec="0" bev="0" fileid="2" />
                <SequencePoint vc="22" uspid="675" ordinal="0" offset="80" sl="40" sc="21" el="40" ec="21" bec="0" bev="0" fileid="2" />
                <SequencePoint vc="5" uspid="676" ordinal="0" offset="90" sl="41" sc="21" el="41" ec="21" bec="0" bev="0" fileid="2" />
                <SequencePoint vc="5" uspid="677" ordinal="0" offset="91" sl="42" sc="25" el="42" ec="25" bec="0" bev="0" fileid="2" />
                <SequencePoint vc="5" uspid="678" ordinal="0" offset="104" sl="43" sc="21" el="43" ec="21" bec="0" bev="0" fileid="2" />
                <SequencePoint vc="22" uspid="679" ordinal="0" offset="105" sl="44" sc="17" el="44" ec="17" bec="0" bev="0" fileid="2" />
                <SequencePoint vc="1" uspid="680" ordinal="0" offset="108" sl="46" sc="17" el="46" ec="17" bec="0" bev="0" fileid="2" />
                <SequencePoint vc="1" uspid="681" ordinal="0" offset="109" sl="47" sc="21" el="47" ec="21" bec="0" bev="0" fileid="2" />
                <SequencePoint vc="1" uspid="682" ordinal="0" offset="120" sl="48" sc="17" el="48" ec="17" bec="0" bev="0" fileid="2" />
                <SequencePoint vc="23" uspid="683" ordinal="0" offset="121" sl="49" sc="13" el="49" ec="13" bec="0" bev="0" fileid="2" />
                <SequencePoint vc="1" uspid="684" ordinal="0" offset="124" sl="51" sc="13" el="51" ec="13" bec="0" bev="0" fileid="2" />
                <SequencePoint vc="1" uspid="685" ordinal="0" offset="125" sl="52" sc="17" el="52" ec="17" bec="0" bev="0" fileid="2" />
                <SequencePoint vc="1" uspid="686" ordinal="0" offset="136" sl="53" sc="13" el="53" ec="13" bec="0" bev="0" fileid="2" />
                <SequencePoint vc="24" uspid="687" ordinal="0" offset="137" sl="54" sc="9" el="54" ec="9" bec="0" bev="0" fileid="2" />
              </SequencePoints>
              <BranchPoints />
            </Method>
            <Method visited="true" cyclomaticComplexity="0" nPathComplexity="0" sequenceCoverage="100.0" branchCoverage="0" crapScore="0" isConstructor="false" isStatic="false" isGetter="false" isSetter="false">
              <Summary numSequencePoints="3" visitedSequencePoints="3" numBranchPoints="0" visitedBranchPoints="0" sequenceCoverage="100.0" branchCoverage="0" maxCyclomaticComplexity="0" minCyclomaticComplexity="0" maxCrapScore="0" minCrapScore="0" visitedClasses="0" numClasses="0" visitedMethods="1" numMethods="1" />
              <MetadataToken>100663306</MetadataToken>
              <Name>System.Boolean JGM.Controller.BoardController::ShouldCheckResult()</Name>
              <FileRef uid="2" />
              <SequencePoints>
                <SequencePoint vc="22" uspid="688" ordinal="0" offset="0" sl="57" sc="9" el="57" ec="9" bec="0" bev="0" fileid="2" />
                <SequencePoint vc="22" uspid="689" ordinal="0" offset="1" sl="58" sc="13" el="58" ec="13" bec="0" bev="0" fileid="2" />
                <SequencePoint vc="22" uspid="690" ordinal="0" offset="32" sl="59" sc="9" el="59" ec="9" bec="0" bev="0" fileid="2" />
              </SequencePoints>
              <BranchPoints />
            </Method>
            <Method visited="true" cyclomaticComplexity="0" nPathComplexity="0" sequenceCoverage="100.0" branchCoverage="0" crapScore="0" isConstructor="false" isStatic="false" isGetter="false" isSetter="false">
              <Summary numSequencePoints="3" visitedSequencePoints="3" numBranchPoints="0" visitedBranchPoints="0" sequenceCoverage="100.0" branchCoverage="0" maxCyclomaticComplexity="0" minCyclomaticComplexity="0" maxCrapScore="0" minCrapScore="0" visitedClasses="0" numClasses="0" visitedMethods="1" numMethods="1" />
              <MetadataToken>100663307</MetadataToken>
              <Name>System.Boolean JGM.Controller.BoardController::IsLastTurn()</Name>
              <FileRef uid="2" />
              <SequencePoints>
                <SequencePoint vc="3" uspid="691" ordinal="0" offset="0" sl="62" sc="9" el="62" ec="9" bec="0" bev="0" fileid="2" />
                <SequencePoint vc="3" uspid="692" ordinal="0" offset="1" sl="63" sc="13" el="63" ec="13" bec="0" bev="0" fileid="2" />
                <SequencePoint vc="3" uspid="693" ordinal="0" offset="36" sl="64" sc="9" el="64" ec="9" bec="0" bev="0" fileid="2" />
              </SequencePoints>
              <BranchPoints />
            </Method>
            <Method visited="true" cyclomaticComplexity="0" nPathComplexity="0" sequenceCoverage="100.0" branchCoverage="0" crapScore="0" isConstructor="false" isStatic="false" isGetter="false" isSetter="false">
              <Summary numSequencePoints="3" visitedSequencePoints="3" numBranchPoints="0" visitedBranchPoints="0" sequenceCoverage="100.0" branchCoverage="0" maxCyclomaticComplexity="0" minCyclomaticComplexity="0" maxCrapScore="0" minCrapScore="0" visitedClasses="0" numClasses="0" visitedMethods="1" numMethods="1" />
              <MetadataToken>100663308</MetadataToken>
              <Name>System.Int32 JGM.Controller.BoardController::GetPlayerTurn()</Name>
              <FileRef uid="2" />
              <SequencePoints>
                <SequencePoint vc="6" uspid="694" ordinal="0" offset="0" sl="67" sc="9" el="67" ec="9" bec="0" bev="0" fileid="2" />
                <SequencePoint vc="6" uspid="695" ordinal="0" offset="1" sl="68" sc="13" el="68" ec="13" bec="0" bev="0" fileid="2" />
                <SequencePoint vc="6" uspid="696" ordinal="0" offset="10" sl="69" sc="9" el="69" ec="9" bec="0" bev="0" fileid="2" />
              </SequencePoints>
              <BranchPoints />
            </Method>
            <Method visited="true" cyclomaticComplexity="0" nPathComplexity="0" sequenceCoverage="100.0" branchCoverage="0" crapScore="0" isConstructor="false" isStatic="false" isGetter="false" isSetter="false">
              <Summary numSequencePoints="3" visitedSequencePoints="3" numBranchPoints="0" visitedBranchPoints="0" sequenceCoverage="100.0" branchCoverage="0" maxCyclomaticComplexity="0" minCyclomaticComplexity="0" maxCrapScore="0" minCrapScore="0" visitedClasses="0" numClasses="0" visitedMethods="1" numMethods="1" />
              <MetadataToken>100663309</MetadataToken>
              <Name>System.Int32 JGM.Controller.BoardController::GetCell(UnityEngine.Vector2Int)</Name>
              <FileRef uid="2" />
              <SequencePoints>
                <SequencePoint vc="137" uspid="697" ordinal="0" offset="0" sl="72" sc="9" el="72" ec="9" bec="0" bev="0" fileid="2" />
                <SequencePoint vc="137" uspid="698" ordinal="0" offset="1" sl="73" sc="13" el="73" ec="13" bec="0" bev="0" fileid="2" />
                <SequencePoint vc="137" uspid="699" ordinal="0" offset="16" sl="74" sc="9" el="74" ec="9" bec="0" bev="0" fileid="2" />
              </SequencePoints>
              <BranchPoints />
            </Method>
            <Method visited="true" cyclomaticComplexity="0" nPathComplexity="0" sequenceCoverage="100.0" branchCoverage="0" crapScore="0" isConstructor="false" isStatic="false" isGetter="false" isSetter="false">
              <Summary numSequencePoints="4" visitedSequencePoints="4" numBranchPoints="0" visitedBranchPoints="0" sequenceCoverage="100.0" branchCoverage="0" maxCyclomaticComplexity="0" minCyclomaticComplexity="0" maxCrapScore="0" minCrapScore="0" visitedClasses="0" numClasses="0" visitedMethods="1" numMethods="1" />
              <MetadataToken>100663310</MetadataToken>
              <Name>System.Void JGM.Controller.BoardController::Restart()</Name>
              <FileRef uid="2" />
              <SequencePoints>
                <SequencePoint vc="1" uspid="700" ordinal="0" offset="0" sl="77" sc="9" el="77" ec="9" bec="0" bev="0" fileid="2" />
                <SequencePoint vc="1" uspid="701" ordinal="0" offset="1" sl="78" sc="13" el="78" ec="13" bec="0" bev="0" fileid="2" />
                <SequencePoint vc="1" uspid="702" ordinal="0" offset="8" sl="79" sc="13" el="79" ec="13" bec="0" bev="0" fileid="2" />
                <SequencePoint vc="1" uspid="703" ordinal="0" offset="16" sl="80" sc="9" el="80" ec="9" bec="0" bev="0" fileid="2" />
              </SequencePoints>
              <BranchPoints />
            </Method>
            <Method visited="true" cyclomaticComplexity="0" nPathComplexity="0" sequenceCoverage="100.0" branchCoverage="0" crapScore="0" isConstructor="false" isStatic="false" isGetter="false" isSetter="false">
              <Summary numSequencePoints="9" visitedSequencePoints="9" numBranchPoints="0" visitedBranchPoints="0" sequenceCoverage="100.0" branchCoverage="0" maxCyclomaticComplexity="0" minCyclomaticComplexity="0" maxCrapScore="0" minCrapScore="0" visitedClasses="0" numClasses="0" visitedMethods="1" numMethods="1" />
              <MetadataToken>100663311</MetadataToken>
              <Name>System.Void JGM.Controller.BoardController::ClearBoard()</Name>
              <FileRef uid="2" />
              <SequencePoints>
                <SequencePoint vc="1" uspid="704" ordinal="0" offset="0" sl="83" sc="9" el="83" ec="9" bec="0" bev="0" fileid="2" />
                <SequencePoint vc="1" uspid="705" ordinal="0" offset="1" sl="84" sc="13" el="84" ec="13" bec="0" bev="0" fileid="2" />
                <SequencePoint vc="1" uspid="706" ordinal="0" offset="13" sl="86" sc="18" el="86" ec="18" bec="0" bev="0" fileid="2" />
                <SequencePoint vc="2" uspid="707" ordinal="0" offset="17" sl="87" sc="13" el="87" ec="13" bec="0" bev="0" fileid="2" />
                <SequencePoint vc="2" uspid="708" ordinal="0" offset="18" sl="88" sc="17" el="88" ec="17" bec="0" bev="0" fileid="2" />
                <SequencePoint vc="2" uspid="709" ordinal="0" offset="27" sl="89" sc="13" el="89" ec="13" bec="0" bev="0" fileid="2" />
                <SequencePoint vc="2" uspid="710" ordinal="0" offset="28" sl="86" sc="54" el="86" ec="54" bec="0" bev="0" fileid="2" />
                <SequencePoint vc="3" uspid="711" ordinal="0" offset="32" sl="86" sc="29" el="86" ec="29" bec="0" bev="0" fileid="2" />
                <SequencePoint vc="1" uspid="712" ordinal="0" offset="47" sl="90" sc="9" el="90" ec="9" bec="0" bev="0" fileid="2" />
              </SequencePoints>
              <BranchPoints />
            </Method>
            <Method visited="true" cyclomaticComplexity="0" nPathComplexity="0" sequenceCoverage="100.0" branchCoverage="0" crapScore="0" isConstructor="true" isStatic="false" isGetter="false" isSetter="false">
              <Summary numSequencePoints="3" visitedSequencePoints="3" numBranchPoints="0" visitedBranchPoints="0" sequenceCoverage="100.0" branchCoverage="0" maxCyclomaticComplexity="0" minCyclomaticComplexity="0" maxCrapScore="0" minCrapScore="0" visitedClasses="0" numClasses="0" visitedMethods="1" numMethods="1" />
              <MetadataToken>100663303</MetadataToken>
              <Name>JGM.Controller.BoardController::BoardController()</Name>
              <FileRef uid="2" />
              <SequencePoints>
                <SequencePoint vc="34" uspid="713" ordinal="0" offset="0" sl="19" sc="9" el="19" ec="9" bec="0" bev="0" fileid="2" />
                <SequencePoint vc="34" uspid="714" ordinal="0" offset="7" sl="19" sc="34" el="19" ec="34" bec="0" bev="0" fileid="2" />
                <SequencePoint vc="34" uspid="715" ordinal="0" offset="8" sl="19" sc="36" el="19" ec="36" bec="0" bev="0" fileid="2" />
              </SequencePoints>
              <BranchPoints />
            </Method>
            <Method visited="true" cyclomaticComplexity="0" nPathComplexity="0" sequenceCoverage="100.0" branchCoverage="0" crapScore="0" isConstructor="true" isStatic="false" isGetter="false" isSetter="false">
              <Summary numSequencePoints="8" visitedSequencePoints="8" numBranchPoints="0" visitedBranchPoints="0" sequenceCoverage="100.0" branchCoverage="0" maxCyclomaticComplexity="0" minCyclomaticComplexity="0" maxCrapScore="0" minCrapScore="0" visitedClasses="0" numClasses="0" visitedMethods="1" numMethods="1" />
              <MetadataToken>100663304</MetadataToken>
              <Name>JGM.Controller.BoardController::BoardController(System.Int32, System.Int32, System.Int32)</Name>
              <FileRef uid="2" />
              <SequencePoints>
                <SequencePoint vc="30" uspid="716" ordinal="0" offset="0" sl="21" sc="9" el="21" ec="9" bec="0" bev="0" fileid="2" />
                <SequencePoint vc="30" uspid="717" ordinal="0" offset="7" sl="22" sc="9" el="22" ec="9" bec="0" bev="0" fileid="2" />
                <SequencePoint vc="30" uspid="718" ordinal="0" offset="8" sl="23" sc="13" el="23" ec="13" bec="0" bev="0" fileid="2" />
                <SequencePoint vc="30" uspid="719" ordinal="0" offset="21" sl="24" sc="13" el="24" ec="13" bec="0" bev="0" fileid="2" />
                <SequencePoint vc="30" uspid="720" ordinal="0" offset="32" sl="25" sc="13" el="25" ec="13" bec="0" bev="0" fileid="2" />
                <SequencePoint vc="30" uspid="721" ordinal="0" offset="44" sl="26" sc="13" el="26" ec="13" bec="0" bev="0" fileid="2" />
                <SequencePoint vc="30" uspid="722" ordinal="0" offset="51" sl="27" sc="13" el="27" ec="13" bec="0" bev="0" fileid="2" />
                <SequencePoint vc="30" uspid="723" ordinal="0" offset="59" sl="28" sc="9" el="28" ec="9" bec="0" bev="0" fileid="2" />
              </SequencePoints>
              <BranchPoints />
            </Method>
          </Methods>
        </Class>
        <Class>
          <Summary numSequencePoints="15" visitedSequencePoints="15" numBranchPoints="0" visitedBranchPoints="0" sequenceCoverage="100.0" branchCoverage="0.0" maxCyclomaticComplexity="0" minCyclomaticComplexity="0" maxCrapScore="0" minCrapScore="0" visitedClasses="1" numClasses="1" visitedMethods="3" numMethods="3" />
          <FullName>JGM.Controller.BoardResultController</FullName>
          <Methods>
            <Method visited="true" cyclomaticComplexity="0" nPathComplexity="0" sequenceCoverage="100.0" branchCoverage="0" crapScore="0" isConstructor="false" isStatic="false" isGetter="false" isSetter="false">
              <Summary numSequencePoints="3" visitedSequencePoints="3" numBranchPoints="0" visitedBranchPoints="0" sequenceCoverage="100.0" branchCoverage="0" maxCyclomaticComplexity="0" minCyclomaticComplexity="0" maxCrapScore="0" minCrapScore="0" visitedClasses="0" numClasses="0" visitedMethods="1" numMethods="1" />
              <MetadataToken>100663314</MetadataToken>
              <Name>System.Void JGM.Controller.BoardResultController::Calculate(JGM.Controller.BoardController)</Name>
              <FileRef uid="3" />
              <SequencePoints>
                <SequencePoint vc="6" uspid="724" ordinal="0" offset="0" sl="23" sc="9" el="23" ec="9" bec="0" bev="0" fileid="3" />
                <SequencePoint vc="6" uspid="725" ordinal="0" offset="1" sl="24" sc="13" el="24" ec="13" bec="0" bev="0" fileid="3" />
                <SequencePoint vc="6" uspid="726" ordinal="0" offset="14" sl="25" sc="9" el="25" ec="9" bec="0" bev="0" fileid="3" />
              </SequencePoints>
              <BranchPoints />
            </Method>
            <Method visited="true" cyclomaticComplexity="0" nPathComplexity="0" sequenceCoverage="100.0" branchCoverage="0" crapScore="0" isConstructor="true" isStatic="false" isGetter="false" isSetter="false">
              <Summary numSequencePoints="8" visitedSequencePoints="8" numBranchPoints="0" visitedBranchPoints="0" sequenceCoverage="100.0" branchCoverage="0" maxCyclomaticComplexity="0" minCyclomaticComplexity="0" maxCrapScore="0" minCrapScore="0" visitedClasses="0" numClasses="0" visitedMethods="1" numMethods="1" />
              <MetadataToken>100663312</MetadataToken>
              <Name>JGM.Controller.BoardResultController::BoardResultController()</Name>
              <FileRef uid="3" />
              <SequencePoints>
                <SequencePoint vc="31" uspid="727" ordinal="0" offset="0" sl="7" sc="9" el="7" ec="9" bec="0" bev="0" fileid="3" />
                <SequencePoint vc="31" uspid="728" ordinal="0" offset="7" sl="8" sc="9" el="8" ec="9" bec="0" bev="0" fileid="3" />
                <SequencePoint vc="31" uspid="729" ordinal="0" offset="8" sl="9" sc="13" el="9" ec="13" bec="0" bev="0" fileid="3" />
                <SequencePoint vc="31" uspid="730" ordinal="0" offset="27" sl="10" sc="13" el="10" ec="13" bec="0" bev="0" fileid="3" />
                <SequencePoint vc="31" uspid="731" ordinal="0" offset="33" sl="11" sc="13" el="11" ec="13" bec="0" bev="0" fileid="3" />
                <SequencePoint vc="31" uspid="732" ordinal="0" offset="39" sl="13" sc="13" el="13" ec="13" bec="0" bev="0" fileid="3" />
                <SequencePoint vc="31" uspid="733" ordinal="0" offset="52" sl="14" sc="13" el="14" ec="13" bec="0" bev="0" fileid="3" />
                <SequencePoint vc="31" uspid="734" ordinal="0" offset="60" sl="15" sc="9" el="15" ec="9" bec="0" bev="0" fileid="3" />
              </SequencePoints>
              <BranchPoints />
            </Method>
            <Method visited="true" cyclomaticComplexity="0" nPathComplexity="0" sequenceCoverage="100.0" branchCoverage="0" crapScore="0" isConstructor="true" isStatic="false" isGetter="false" isSetter="false">
              <Summary numSequencePoints="4" visitedSequencePoints="4" numBranchPoints="0" visitedBranchPoints="0" sequenceCoverage="100.0" branchCoverage="0" maxCyclomaticComplexity="0" minCyclomaticComplexity="0" maxCrapScore="0" minCrapScore="0" visitedClasses="0" numClasses="0" visitedMethods="1" numMethods="1" />
              <MetadataToken>100663313</MetadataToken>
              <Name>JGM.Controller.BoardResultController::BoardResultController(JGM.Controller.RowsResult)</Name>
              <FileRef uid="3" />
              <SequencePoints>
                <SequencePoint vc="1" uspid="735" ordinal="0" offset="0" sl="17" sc="63" el="17" ec="63" bec="0" bev="0" fileid="3" />
                <SequencePoint vc="1" uspid="736" ordinal="0" offset="7" sl="18" sc="9" el="18" ec="9" bec="0" bev="0" fileid="3" />
                <SequencePoint vc="1" uspid="737" ordinal="0" offset="8" sl="19" sc="13" el="19" ec="13" bec="0" bev="0" fileid="3" />
                <SequencePoint vc="1" uspid="738" ordinal="0" offset="15" sl="20" sc="9" el="20" ec="9" bec="0" bev="0" fileid="3" />
              </SequencePoints>
              <BranchPoints />
            </Method>
          </Methods>
        </Class>
        <Class>
          <Summary numSequencePoints="43" visitedSequencePoints="43" numBranchPoints="0" visitedBranchPoints="0" sequenceCoverage="100.0" branchCoverage="0.0" maxCyclomaticComplexity="0" minCyclomaticComplexity="0" maxCrapScore="0" minCrapScore="0" visitedClasses="1" numClasses="1" visitedMethods="5" numMethods="5" />
          <FullName>JGM.Controller.ColumnsResult</FullName>
          <Methods>
            <Method visited="true" cyclomaticComplexity="0" nPathComplexity="0" sequenceCoverage="100.0" branchCoverage="0" crapScore="0" isConstructor="false" isStatic="false" isGetter="false" isSetter="false">
              <Summary numSequencePoints="3" visitedSequencePoints="3" numBranchPoints="0" visitedBranchPoints="0" sequenceCoverage="100.0" branchCoverage="0" maxCyclomaticComplexity="0" minCyclomaticComplexity="0" maxCrapScore="0" minCrapScore="0" visitedClasses="0" numClasses="0" visitedMethods="1" numMethods="1" />
              <MetadataToken>100663315</MetadataToken>
              <Name>System.Void JGM.Controller.ColumnsResult::SetNextChain(JGM.Controller.IResultChain)</Name>
              <FileRef uid="4" />
              <SequencePoints>
                <SequencePoint vc="40" uspid="739" ordinal="0" offset="0" sl="10" sc="9" el="10" ec="9" bec="0" bev="0" fileid="4" />
                <SequencePoint vc="40" uspid="740" ordinal="0" offset="1" sl="11" sc="13" el="11" ec="13" bec="0" bev="0" fileid="4" />
                <SequencePoint vc="40" uspid="741" ordinal="0" offset="8" sl="12" sc="9" el="12" ec="9" bec="0" bev="0" fileid="4" />
              </SequencePoints>
              <BranchPoints />
            </Method>
            <Method visited="true" cyclomaticComplexity="0" nPathComplexity="0" sequenceCoverage="100.0" branchCoverage="0" crapScore="0" isConstructor="false" isStatic="false" isGetter="false" isSetter="false">
              <Summary numSequencePoints="31" visitedSequencePoints="31" numBranchPoints="0" visitedBranchPoints="0" sequenceCoverage="100.0" branchCoverage="0" maxCyclomaticComplexity="0" minCyclomaticComplexity="0" maxCrapScore="0" minCrapScore="0" visitedClasses="0" numClasses="0" visitedMethods="1" numMethods="1" />
              <MetadataToken>100663316</MetadataToken>
              <Name>System.Void JGM.Controller.ColumnsResult::Calculate(JGM.Controller.BoardController)</Name>
              <FileRef uid="4" />
              <SequencePoints>
                <SequencePoint vc="14" uspid="742" ordinal="0" offset="0" sl="15" sc="9" el="15" ec="9" bec="0" bev="0" fileid="4" />
                <SequencePoint vc="14" uspid="743" ordinal="0" offset="1" sl="16" sc="18" el="16" ec="18" bec="0" bev="0" fileid="4" />
                <SequencePoint vc="36" uspid="744" ordinal="0" offset="8" sl="17" sc="13" el="17" ec="13" bec="0" bev="0" fileid="4" />
                <SequencePoint vc="36" uspid="745" ordinal="0" offset="9" sl="18" sc="17" el="18" ec="17" bec="0" bev="0" fileid="4" />
                <SequencePoint vc="36" uspid="746" ordinal="0" offset="11" sl="19" sc="17" el="19" ec="17" bec="0" bev="0" fileid="4" />
                <SequencePoint vc="36" uspid="747" ordinal="0" offset="13" sl="21" sc="22" el="21" ec="22" bec="0" bev="0" fileid="4" />
                <SequencePoint vc="108" uspid="748" ordinal="0" offset="17" sl="22" sc="17" el="22" ec="17" bec="0" bev="0" fileid="4" />
                <SequencePoint vc="108" uspid="749" ordinal="0" offset="18" sl="23" sc="21" el="23" ec="21" bec="0" bev="0" fileid="4" />
                <SequencePoint vc="108" uspid="750" ordinal="0" offset="27" sl="24" sc="21" el="24" ec="21" bec="0" bev="0" fileid="4" />
                <SequencePoint vc="108" uspid="751" ordinal="0" offset="37" sl="26" sc="21" el="26" ec="21" bec="0" bev="0" fileid="4" />
                <SequencePoint vc="36" uspid="752" ordinal="0" offset="52" sl="27" sc="21" el="27" ec="21" bec="0" bev="0" fileid="4" />
                <SequencePoint vc="36" uspid="753" ordinal="0" offset="53" sl="28" sc="25" el="28" ec="25" bec="0" bev="0" fileid="4" />
                <SequencePoint vc="36" uspid="754" ordinal="0" offset="56" sl="29" sc="25" el="29" ec="25" bec="0" bev="0" fileid="4" />
                <SequencePoint vc="36" uspid="755" ordinal="0" offset="60" sl="30" sc="21" el="30" ec="21" bec="0" bev="0" fileid="4" />
                <SequencePoint vc="72" uspid="756" ordinal="0" offset="63" sl="31" sc="26" el="31" ec="26" bec="0" bev="0" fileid="4" />
                <SequencePoint vc="25" uspid="757" ordinal="0" offset="78" sl="32" sc="21" el="32" ec="21" bec="0" bev="0" fileid="4" />
                <SequencePoint vc="25" uspid="758" ordinal="0" offset="79" sl="33" sc="25" el="33" ec="25" bec="0" bev="0" fileid="4" />
                <SequencePoint vc="25" uspid="759" ordinal="0" offset="83" sl="35" sc="25" el="35" ec="25" bec="0" bev="0" fileid="4" />
                <SequencePoint vc="6" uspid="760" ordinal="0" offset="96" sl="36" sc="25" el="36" ec="25" bec="0" bev="0" fileid="4" />
                <SequencePoint vc="6" uspid="761" ordinal="0" offset="97" sl="37" sc="29" el="37" ec="29" bec="0" bev="0" fileid="4" />
                <SequencePoint vc="6" uspid="762" ordinal="0" offset="120" sl="38" sc="29" el="38" ec="29" bec="0" bev="0" fileid="4" />
                <SequencePoint vc="6" uspid="763" ordinal="0" offset="128" sl="39" sc="29" el="39" ec="29" bec="0" bev="0" fileid="4" />
                <SequencePoint vc="19" uspid="764" ordinal="0" offset="130" sl="41" sc="21" el="41" ec="21" bec="0" bev="0" fileid="4" />
                <SequencePoint vc="102" uspid="765" ordinal="0" offset="131" sl="42" sc="17" el="42" ec="17" bec="0" bev="0" fileid="4" />
                <SequencePoint vc="102" uspid="766" ordinal="0" offset="132" sl="21" sc="62" el="21" ec="62" bec="0" bev="0" fileid="4" />
                <SequencePoint vc="138" uspid="767" ordinal="0" offset="136" sl="21" sc="33" el="21" ec="33" bec="0" bev="0" fileid="4" />
                <SequencePoint vc="30" uspid="768" ordinal="0" offset="154" sl="43" sc="13" el="43" ec="13" bec="0" bev="0" fileid="4" />
                <SequencePoint vc="30" uspid="769" ordinal="0" offset="155" sl="16" sc="55" el="16" ec="55" bec="0" bev="0" fileid="4" />
                <SequencePoint vc="44" uspid="770" ordinal="0" offset="159" sl="16" sc="29" el="16" ec="29" bec="0" bev="0" fileid="4" />
                <SequencePoint vc="8" uspid="771" ordinal="0" offset="177" sl="45" sc="13" el="45" ec="13" bec="0" bev="0" fileid="4" />
                <SequencePoint vc="14" uspid="772" ordinal="0" offset="190" sl="46" sc="9" el="46" ec="9" bec="0" bev="0" fileid="4" />
              </SequencePoints>
              <BranchPoints />
            </Method>
            <Method visited="true" cyclomaticComplexity="0" nPathComplexity="0" sequenceCoverage="100.0" branchCoverage="0" crapScore="0" isConstructor="false" isStatic="false" isGetter="false" isSetter="false">
              <Summary numSequencePoints="3" visitedSequencePoints="3" numBranchPoints="0" visitedBranchPoints="0" sequenceCoverage="100.0" branchCoverage="0" maxCyclomaticComplexity="0" minCyclomaticComplexity="0" maxCrapScore="0" minCrapScore="0" visitedClasses="0" numClasses="0" visitedMethods="1" numMethods="1" />
              <MetadataToken>100663317</MetadataToken>
              <Name>System.Boolean JGM.Controller.ColumnsResult::FirstValueOnColumn(System.Int32, System.Int32)</Name>
              <FileRef uid="4" />
              <SequencePoints>
                <SequencePoint vc="108" uspid="773" ordinal="0" offset="0" sl="49" sc="9" el="49" ec="9" bec="0" bev="0" fileid="4" />
                <SequencePoint vc="108" uspid="774" ordinal="0" offset="1" sl="50" sc="13" el="50" ec="13" bec="0" bev="0" fileid="4" />
                <SequencePoint vc="108" uspid="775" ordinal="0" offset="18" sl="51" sc="9" el="51" ec="9" bec="0" bev="0" fileid="4" />
              </SequencePoints>
              <BranchPoints />
            </Method>
            <Method visited="true" cyclomaticComplexity="0" nPathComplexity="0" sequenceCoverage="100.0" branchCoverage="0" crapScore="0" isConstructor="false" isStatic="false" isGetter="false" isSetter="false">
              <Summary numSequencePoints="3" visitedSequencePoints="3" numBranchPoints="0" visitedBranchPoints="0" sequenceCoverage="100.0" branchCoverage="0" maxCyclomaticComplexity="0" minCyclomaticComplexity="0" maxCrapScore="0" minCrapScore="0" visitedClasses="0" numClasses="0" visitedMethods="1" numMethods="1" />
              <MetadataToken>100663318</MetadataToken>
              <Name>System.Boolean JGM.Controller.ColumnsResult::ValueIsEqualToFirstValue(System.Int32, System.Int32)</Name>
              <FileRef uid="4" />
              <SequencePoints>
                <SequencePoint vc="72" uspid="776" ordinal="0" offset="0" sl="54" sc="9" el="54" ec="9" bec="0" bev="0" fileid="4" />
                <SequencePoint vc="72" uspid="777" ordinal="0" offset="1" sl="55" sc="13" el="55" ec="13" bec="0" bev="0" fileid="4" />
                <SequencePoint vc="72" uspid="778" ordinal="0" offset="18" sl="56" sc="9" el="56" ec="9" bec="0" bev="0" fileid="4" />
              </SequencePoints>
              <BranchPoints />
            </Method>
            <Method visited="true" cyclomaticComplexity="0" nPathComplexity="0" sequenceCoverage="100.0" branchCoverage="0" crapScore="0" isConstructor="false" isStatic="false" isGetter="false" isSetter="false">
              <Summary numSequencePoints="3" visitedSequencePoints="3" numBranchPoints="0" visitedBranchPoints="0" sequenceCoverage="100.0" branchCoverage="0" maxCyclomaticComplexity="0" minCyclomaticComplexity="0" maxCrapScore="0" minCrapScore="0" visitedClasses="0" numClasses="0" visitedMethods="1" numMethods="1" />
              <MetadataToken>100663319</MetadataToken>
              <Name>System.Boolean JGM.Controller.ColumnsResult::WinConditionIsMet(System.Int32)</Name>
              <FileRef uid="4" />
              <SequencePoints>
                <SequencePoint vc="25" uspid="779" ordinal="0" offset="0" sl="59" sc="9" el="59" ec="9" bec="0" bev="0" fileid="4" />
                <SequencePoint vc="25" uspid="780" ordinal="0" offset="1" sl="60" sc="13" el="60" ec="13" bec="0" bev="0" fileid="4" />
                <SequencePoint vc="25" uspid="781" ordinal="0" offset="8" sl="61" sc="9" el="61" ec="9" bec="0" bev="0" fileid="4" />
              </SequencePoints>
              <BranchPoints />
            </Method>
          </Methods>
        </Class>
        <Class>
          <Summary numSequencePoints="21" visitedSequencePoints="21" numBranchPoints="0" visitedBranchPoints="0" sequenceCoverage="100.0" branchCoverage="0.0" maxCyclomaticComplexity="0" minCyclomaticComplexity="0" maxCrapScore="0" minCrapScore="0" visitedClasses="1" numClasses="1" visitedMethods="4" numMethods="4" />
          <FullName>JGM.Controller.DiagonalsResult</FullName>
          <Methods>
            <Method visited="true" cyclomaticComplexity="0" nPathComplexity="0" sequenceCoverage="100.0" branchCoverage="0" crapScore="0" isConstructor="false" isStatic="false" isGetter="false" isSetter="false">
              <Summary numSequencePoints="3" visitedSequencePoints="3" numBranchPoints="0" visitedBranchPoints="0" sequenceCoverage="100.0" branchCoverage="0" maxCyclomaticComplexity="0" minCyclomaticComplexity="0" maxCrapScore="0" minCrapScore="0" visitedClasses="0" numClasses="0" visitedMethods="1" numMethods="1" />
              <MetadataToken>100663321</MetadataToken>
              <Name>System.Void JGM.Controller.DiagonalsResult::SetNextChain(JGM.Controller.IResultChain)</Name>
              <FileRef uid="5" />
              <SequencePoints>
                <SequencePoint vc="6" uspid="782" ordinal="0" offset="0" sl="10" sc="9" el="10" ec="9" bec="0" bev="0" fileid="5" />
                <SequencePoint vc="6" uspid="783" ordinal="0" offset="1" sl="11" sc="13" el="11" ec="13" bec="0" bev="0" fileid="5" />
                <SequencePoint vc="6" uspid="784" ordinal="0" offset="8" sl="12" sc="9" el="12" ec="9" bec="0" bev="0" fileid="5" />
              </SequencePoints>
              <BranchPoints />
            </Method>
            <Method visited="true" cyclomaticComplexity="0" nPathComplexity="0" sequenceCoverage="100.0" branchCoverage="0" crapScore="0" isConstructor="false" isStatic="false" isGetter="false" isSetter="false">
              <Summary numSequencePoints="12" visitedSequencePoints="12" numBranchPoints="0" visitedBranchPoints="0" sequenceCoverage="100.0" branchCoverage="0" maxCyclomaticComplexity="0" minCyclomaticComplexity="0" maxCrapScore="0" minCrapScore="0" visitedClasses="0" numClasses="0" visitedMethods="1" numMethods="1" />
              <MetadataToken>100663322</MetadataToken>
              <Name>System.Void JGM.Controller.DiagonalsResult::Calculate(JGM.Controller.BoardController)</Name>
              <FileRef uid="5" />
              <SequencePoints>
                <SequencePoint vc="11" uspid="785" ordinal="0" offset="0" sl="15" sc="9" el="15" ec="9" bec="0" bev="0" fileid="5" />
                <SequencePoint vc="11" uspid="786" ordinal="0" offset="1" sl="16" sc="13" el="16" ec="13" bec="0" bev="0" fileid="5" />
                <SequencePoint vc="7" uspid="787" ordinal="0" offset="24" sl="17" sc="13" el="17" ec="13" bec="0" bev="0" fileid="5" />
                <SequencePoint vc="7" uspid="788" ordinal="0" offset="25" sl="18" sc="17" el="18" ec="17" bec="0" bev="0" fileid="5" />
                <SequencePoint vc="7" uspid="789" ordinal="0" offset="59" sl="19" sc="17" el="19" ec="17" bec="0" bev="0" fileid="5" />
                <SequencePoint vc="7" uspid="790" ordinal="0" offset="67" sl="20" sc="13" el="20" ec="13" bec="0" bev="0" fileid="5" />
                <SequencePoint vc="4" uspid="791" ordinal="0" offset="70" sl="21" sc="18" el="21" ec="18" bec="0" bev="0" fileid="5" />
                <SequencePoint vc="1" uspid="792" ordinal="0" offset="80" sl="22" sc="13" el="22" ec="13" bec="0" bev="0" fileid="5" />
                <SequencePoint vc="1" uspid="793" ordinal="0" offset="81" sl="23" sc="17" el="23" ec="17" bec="0" bev="0" fileid="5" />
                <SequencePoint vc="1" uspid="794" ordinal="0" offset="92" sl="24" sc="17" el="24" ec="17" bec="0" bev="0" fileid="5" />
                <SequencePoint vc="1" uspid="795" ordinal="0" offset="100" sl="25" sc="13" el="25" ec="13" bec="0" bev="0" fileid="5" />
                <SequencePoint vc="11" uspid="796" ordinal="0" offset="101" sl="26" sc="9" el="26" ec="9" bec="0" bev="0" fileid="5" />
              </SequencePoints>
              <BranchPoints />
            </Method>
            <Method visited="true" cyclomaticComplexity="0" nPathComplexity="0" sequenceCoverage="100.0" branchCoverage="0" crapScore="0" isConstructor="false" isStatic="false" isGetter="false" isSetter="false">
              <Summary numSequencePoints="3" visitedSequencePoints="3" numBranchPoints="0" visitedBranchPoints="0" sequenceCoverage="100.0" branchCoverage="0" maxCyclomaticComplexity="0" minCyclomaticComplexity="0" maxCrapScore="0" minCrapScore="0" visitedClasses="0" numClasses="0" visitedMethods="1" numMethods="1" />
              <MetadataToken>100663323</MetadataToken>
              <Name>System.Boolean JGM.Controller.DiagonalsResult::WinnerInLeftDiagonal(JGM.Controller.BoardController)</Name>
              <FileRef uid="5" />
              <SequencePoints>
                <SequencePoint vc="11" uspid="797" ordinal="0" offset="0" sl="29" sc="9" el="29" ec="9" bec="0" bev="0" fileid="5" />
                <SequencePoint vc="11" uspid="798" ordinal="0" offset="1" sl="33" sc="13" el="33" ec="13" bec="0" bev="0" fileid="5" />
                <SequencePoint vc="11" uspid="799" ordinal="0" offset="63" sl="35" sc="9" el="35" ec="9" bec="0" bev="0" fileid="5" />
              </SequencePoints>
              <BranchPoints />
            </Method>
            <Method visited="true" cyclomaticComplexity="0" nPathComplexity="0" sequenceCoverage="100.0" branchCoverage="0" crapScore="0" isConstructor="false" isStatic="false" isGetter="false" isSetter="false">
              <Summary numSequencePoints="3" visitedSequencePoints="3" numBranchPoints="0" visitedBranchPoints="0" sequenceCoverage="100.0" branchCoverage="0" maxCyclomaticComplexity="0" minCyclomaticComplexity="0" maxCrapScore="0" minCrapScore="0" visitedClasses="0" numClasses="0" visitedMethods="1" numMethods="1" />
              <MetadataToken>100663324</MetadataToken>
              <Name>System.Boolean JGM.Controller.DiagonalsResult::WinnerInRightDiagonal(JGM.Controller.BoardController)</Name>
              <FileRef uid="5" />
              <SequencePoints>
                <SequencePoint vc="8" uspid="800" ordinal="0" offset="0" sl="38" sc="9" el="38" ec="9" bec="0" bev="0" fileid="5" />
                <SequencePoint vc="8" uspid="801" ordinal="0" offset="1" sl="42" sc="13" el="42" ec="13" bec="0" bev="0" fileid="5" />
                <SequencePoint vc="8" uspid="802" ordinal="0" offset="63" sl="44" sc="9" el="44" ec="9" bec="0" bev="0" fileid="5" />
              </SequencePoints>
              <BranchPoints />
            </Method>
          </Methods>
        </Class>
        <Class>
          <Summary numSequencePoints="43" visitedSequencePoints="43" numBranchPoints="0" visitedBranchPoints="0" sequenceCoverage="100.0" branchCoverage="0.0" maxCyclomaticComplexity="0" minCyclomaticComplexity="0" maxCrapScore="0" minCrapScore="0" visitedClasses="1" numClasses="1" visitedMethods="5" numMethods="5" />
          <FullName>JGM.Controller.RowsResult</FullName>
          <Methods>
            <Method visited="true" cyclomaticComplexity="0" nPathComplexity="0" sequenceCoverage="100.0" branchCoverage="0" crapScore="0" isConstructor="false" isStatic="false" isGetter="false" isSetter="false">
              <Summary numSequencePoints="3" visitedSequencePoints="3" numBranchPoints="0" visitedBranchPoints="0" sequenceCoverage="100.0" branchCoverage="0" maxCyclomaticComplexity="0" minCyclomaticComplexity="0" maxCrapScore="0" minCrapScore="0" visitedClasses="0" numClasses="0" visitedMethods="1" numMethods="1" />
              <MetadataToken>100663328</MetadataToken>
              <Name>System.Void JGM.Controller.RowsResult::SetNextChain(JGM.Controller.IResultChain)</Name>
              <FileRef uid="6" />
              <SequencePoints>
                <SequencePoint vc="40" uspid="803" ordinal="0" offset="0" sl="10" sc="9" el="10" ec="9" bec="0" bev="0" fileid="6" />
                <SequencePoint vc="40" uspid="804" ordinal="0" offset="1" sl="11" sc="13" el="11" ec="13" bec="0" bev="0" fileid="6" />
                <SequencePoint vc="40" uspid="805" ordinal="0" offset="8" sl="12" sc="9" el="12" ec="9" bec="0" bev="0" fileid="6" />
              </SequencePoints>
              <BranchPoints />
            </Method>
            <Method visited="true" cyclomaticComplexity="0" nPathComplexity="0" sequenceCoverage="100.0" branchCoverage="0" crapScore="0" isConstructor="false" isStatic="false" isGetter="false" isSetter="false">
              <Summary numSequencePoints="31" visitedSequencePoints="31" numBranchPoints="0" visitedBranchPoints="0" sequenceCoverage="100.0" branchCoverage="0" maxCyclomaticComplexity="0" minCyclomaticComplexity="0" maxCrapScore="0" minCrapScore="0" visitedClasses="0" numClasses="0" visitedMethods="1" numMethods="1" />
              <MetadataToken>100663329</MetadataToken>
              <Name>System.Void JGM.Controller.RowsResult::Calculate(JGM.Controller.BoardController)</Name>
              <FileRef uid="6" />
              <SequencePoints>
                <SequencePoint vc="14" uspid="806" ordinal="0" offset="0" sl="15" sc="9" el="15" ec="9" bec="0" bev="0" fileid="6" />
                <SequencePoint vc="14" uspid="807" ordinal="0" offset="1" sl="16" sc="18" el="16" ec="18" bec="0" bev="0" fileid="6" />
                <SequencePoint vc="36" uspid="808" ordinal="0" offset="8" sl="17" sc="13" el="17" ec="13" bec="0" bev="0" fileid="6" />
                <SequencePoint vc="36" uspid="809" ordinal="0" offset="9" sl="18" sc="17" el="18" ec="17" bec="0" bev="0" fileid="6" />
                <SequencePoint vc="36" uspid="810" ordinal="0" offset="11" sl="19" sc="17" el="19" ec="17" bec="0" bev="0" fileid="6" />
                <SequencePoint vc="36" uspid="811" ordinal="0" offset="13" sl="21" sc="22" el="21" ec="22" bec="0" bev="0" fileid="6" />
                <SequencePoint vc="108" uspid="812" ordinal="0" offset="17" sl="22" sc="17" el="22" ec="17" bec="0" bev="0" fileid="6" />
                <SequencePoint vc="108" uspid="813" ordinal="0" offset="18" sl="23" sc="21" el="23" ec="21" bec="0" bev="0" fileid="6" />
                <SequencePoint vc="108" uspid="814" ordinal="0" offset="27" sl="24" sc="21" el="24" ec="21" bec="0" bev="0" fileid="6" />
                <SequencePoint vc="108" uspid="815" ordinal="0" offset="37" sl="26" sc="21" el="26" ec="21" bec="0" bev="0" fileid="6" />
                <SequencePoint vc="32" uspid="816" ordinal="0" offset="53" sl="27" sc="21" el="27" ec="21" bec="0" bev="0" fileid="6" />
                <SequencePoint vc="32" uspid="817" ordinal="0" offset="54" sl="28" sc="25" el="28" ec="25" bec="0" bev="0" fileid="6" />
                <SequencePoint vc="32" uspid="818" ordinal="0" offset="57" sl="29" sc="25" el="29" ec="25" bec="0" bev="0" fileid="6" />
                <SequencePoint vc="32" uspid="819" ordinal="0" offset="61" sl="30" sc="21" el="30" ec="21" bec="0" bev="0" fileid="6" />
                <SequencePoint vc="76" uspid="820" ordinal="0" offset="64" sl="31" sc="26" el="31" ec="26" bec="0" bev="0" fileid="6" />
                <SequencePoint vc="29" uspid="821" ordinal="0" offset="79" sl="32" sc="21" el="32" ec="21" bec="0" bev="0" fileid="6" />
                <SequencePoint vc="29" uspid="822" ordinal="0" offset="80" sl="33" sc="25" el="33" ec="25" bec="0" bev="0" fileid="6" />
                <SequencePoint vc="29" uspid="823" ordinal="0" offset="84" sl="35" sc="25" el="35" ec="25" bec="0" bev="0" fileid="6" />
                <SequencePoint vc="6" uspid="824" ordinal="0" offset="97" sl="36" sc="25" el="36" ec="25" bec="0" bev="0" fileid="6" />
                <SequencePoint vc="6" uspid="825" ordinal="0" offset="98" sl="37" sc="29" el="37" ec="29" bec="0" bev="0" fileid="6" />
                <SequencePoint vc="6" uspid="826" ordinal="0" offset="121" sl="38" sc="29" el="38" ec="29" bec="0" bev="0" fileid="6" />
                <SequencePoint vc="6" uspid="827" ordinal="0" offset="129" sl="39" sc="29" el="39" ec="29" bec="0" bev="0" fileid="6" />
                <SequencePoint vc="23" uspid="828" ordinal="0" offset="131" sl="41" sc="21" el="41" ec="21" bec="0" bev="0" fileid="6" />
                <SequencePoint vc="102" uspid="829" ordinal="0" offset="132" sl="42" sc="17" el="42" ec="17" bec="0" bev="0" fileid="6" />
                <SequencePoint vc="102" uspid="830" ordinal="0" offset="133" sl="21" sc="62" el="21" ec="62" bec="0" bev="0" fileid="6" />
                <SequencePoint vc="138" uspid="831" ordinal="0" offset="137" sl="21" sc="33" el="21" ec="33" bec="0" bev="0" fileid="6" />
                <SequencePoint vc="30" uspid="832" ordinal="0" offset="155" sl="43" sc="13" el="43" ec="13" bec="0" bev="0" fileid="6" />
                <SequencePoint vc="30" uspid="833" ordinal="0" offset="156" sl="16" sc="55" el="16" ec="55" bec="0" bev="0" fileid="6" />
                <SequencePoint vc="44" uspid="834" ordinal="0" offset="160" sl="16" sc="29" el="16" ec="29" bec="0" bev="0" fileid="6" />
                <SequencePoint vc="8" uspid="835" ordinal="0" offset="178" sl="45" sc="13" el="45" ec="13" bec="0" bev="0" fileid="6" />
                <SequencePoint vc="14" uspid="836" ordinal="0" offset="191" sl="46" sc="9" el="46" ec="9" bec="0" bev="0" fileid="6" />
              </SequencePoints>
              <BranchPoints />
            </Method>
            <Method visited="true" cyclomaticComplexity="0" nPathComplexity="0" sequenceCoverage="100.0" branchCoverage="0" crapScore="0" isConstructor="false" isStatic="false" isGetter="false" isSetter="false">
              <Summary numSequencePoints="3" visitedSequencePoints="3" numBranchPoints="0" visitedBranchPoints="0" sequenceCoverage="100.0" branchCoverage="0" maxCyclomaticComplexity="0" minCyclomaticComplexity="0" maxCrapScore="0" minCrapScore="0" visitedClasses="0" numClasses="0" visitedMethods="1" numMethods="1" />
              <MetadataToken>100663330</MetadataToken>
              <Name>System.Boolean JGM.Controller.RowsResult::FirstValueOnRow(System.Int32&amp;, System.Int32&amp;)</Name>
              <FileRef uid="6" />
              <SequencePoints>
                <SequencePoint vc="108" uspid="837" ordinal="0" offset="0" sl="49" sc="9" el="49" ec="9" bec="0" bev="0" fileid="6" />
                <SequencePoint vc="108" uspid="838" ordinal="0" offset="1" sl="50" sc="13" el="50" ec="13" bec="0" bev="0" fileid="6" />
                <SequencePoint vc="108" uspid="839" ordinal="0" offset="20" sl="51" sc="9" el="51" ec="9" bec="0" bev="0" fileid="6" />
              </SequencePoints>
              <BranchPoints />
            </Method>
            <Method visited="true" cyclomaticComplexity="0" nPathComplexity="0" sequenceCoverage="100.0" branchCoverage="0" crapScore="0" isConstructor="false" isStatic="false" isGetter="false" isSetter="false">
              <Summary numSequencePoints="3" visitedSequencePoints="3" numBranchPoints="0" visitedBranchPoints="0" sequenceCoverage="100.0" branchCoverage="0" maxCyclomaticComplexity="0" minCyclomaticComplexity="0" maxCrapScore="0" minCrapScore="0" visitedClasses="0" numClasses="0" visitedMethods="1" numMethods="1" />
              <MetadataToken>100663331</MetadataToken>
              <Name>System.Boolean JGM.Controller.RowsResult::ValueIsEqualToFirstValue(System.Int32, System.Int32)</Name>
              <FileRef uid="6" />
              <SequencePoints>
                <SequencePoint vc="76" uspid="840" ordinal="0" offset="0" sl="54" sc="9" el="54" ec="9" bec="0" bev="0" fileid="6" />
                <SequencePoint vc="76" uspid="841" ordinal="0" offset="1" sl="55" sc="13" el="55" ec="13" bec="0" bev="0" fileid="6" />
                <SequencePoint vc="76" uspid="842" ordinal="0" offset="18" sl="56" sc="9" el="56" ec="9" bec="0" bev="0" fileid="6" />
              </SequencePoints>
              <BranchPoints />
            </Method>
            <Method visited="true" cyclomaticComplexity="0" nPathComplexity="0" sequenceCoverage="100.0" branchCoverage="0" crapScore="0" isConstructor="false" isStatic="false" isGetter="false" isSetter="false">
              <Summary numSequencePoints="3" visitedSequencePoints="3" numBranchPoints="0" visitedBranchPoints="0" sequenceCoverage="100.0" branchCoverage="0" maxCyclomaticComplexity="0" minCyclomaticComplexity="0" maxCrapScore="0" minCrapScore="0" visitedClasses="0" numClasses="0" visitedMethods="1" numMethods="1" />
              <MetadataToken>100663332</MetadataToken>
              <Name>System.Boolean JGM.Controller.RowsResult::WinConditionIsMet(System.Int32)</Name>
              <FileRef uid="6" />
              <SequencePoints>
                <SequencePoint vc="29" uspid="843" ordinal="0" offset="0" sl="59" sc="9" el="59" ec="9" bec="0" bev="0" fileid="6" />
                <SequencePoint vc="29" uspid="844" ordinal="0" offset="1" sl="60" sc="13" el="60" ec="13" bec="0" bev="0" fileid="6" />
                <SequencePoint vc="29" uspid="845" ordinal="0" offset="8" sl="61" sc="9" el="61" ec="9" bec="0" bev="0" fileid="6" />
              </SequencePoints>
              <BranchPoints />
            </Method>
          </Methods>
        </Class>
      </Classes>
    </Module>
    <Module>
      <Summary numSequencePoints="263" visitedSequencePoints="263" numBranchPoints="0" visitedBranchPoints="0" sequenceCoverage="100.0" branchCoverage="0.0" maxCyclomaticComplexity="0" minCyclomaticComplexity="0" maxCrapScore="0" minCrapScore="0" visitedClasses="11" numClasses="11" visitedMethods="42" numMethods="42" />
      <ModuleTime>0001-01-01T00:00:00</ModuleTime>
      <ModuleName>JGM.Tests</ModuleName>
      <Files>
        <File uid="7" fullPath="C:/Users/Freee/Documents/GitHub/TicTacToeTDD/Assets/Tests/BoardControllerTest.cs" />
        <File uid="8" fullPath="C:/Users/Freee/Documents/GitHub/TicTacToeTDD/Assets/Tests/BoardModelTest.cs" />
        <File uid="9" fullPath="C:/Users/Freee/Documents/GitHub/TicTacToeTDD/Assets/Tests/BoardResultControllerTest.cs" />
        <File uid="10" fullPath="C:/Users/Freee/Documents/GitHub/TicTacToeTDD/Assets/Tests/BoardViewTest.cs" />
        <File uid="11" fullPath="C:/Users/Freee/Documents/GitHub/TicTacToeTDD/Assets/Tests/ColumnsResultTest.cs" />
        <File uid="12" fullPath="C:/Users/Freee/Documents/GitHub/TicTacToeTDD/Assets/Tests/DiagonalsResultTest.cs" />
        <File uid="13" fullPath="C:/Users/Freee/Documents/GitHub/TicTacToeTDD/Assets/Tests/RowsResultTest.cs" />
        <File uid="14" fullPath="C:/Users/Freee/Documents/GitHub/TicTacToeTDD/Assets/Tests/TokenModelTest.cs" />
      </Files>
      <Classes>
        <Class>
          <Summary numSequencePoints="55" visitedSequencePoints="55" numBranchPoints="0" visitedBranchPoints="0" sequenceCoverage="100.0" branchCoverage="0.0" maxCyclomaticComplexity="0" minCyclomaticComplexity="0" maxCrapScore="0" minCrapScore="0" visitedClasses="1" numClasses="1" visitedMethods="9" numMethods="9" />
          <FullName>JGM.Tests.BoardControllerTest</FullName>
          <Methods>
            <Method visited="true" cyclomaticComplexity="0" nPathComplexity="0" sequenceCoverage="100.0" branchCoverage="0" crapScore="0" isConstructor="false" isStatic="false" isGetter="false" isSetter="false">
              <Summary numSequencePoints="3" visitedSequencePoints="3" numBranchPoints="0" visitedBranchPoints="0" sequenceCoverage="100.0" branchCoverage="0" maxCyclomaticComplexity="0" minCyclomaticComplexity="0" maxCrapScore="0" minCrapScore="0" visitedClasses="0" numClasses="0" visitedMethods="1" numMethods="1" />
              <MetadataToken>100663297</MetadataToken>
              <Name>System.Void JGM.Tests.BoardControllerTest::SetUp()</Name>
              <FileRef uid="7" />
[...]
              <FileRef uid="14" />
              <SequencePoints>
                <SequencePoint vc="6" uspid="1102" ordinal="0" offset="0" sl="17" sc="9" el="17" ec="9" bec="0" bev="0" fileid="14" />
                <SequencePoint vc="6" uspid="1103" ordinal="0" offset="1" sl="18" sc="13" el="18" ec="13" bec="0" bev="0" fileid="14" />
                <SequencePoint vc="6" uspid="1104" ordinal="0" offset="13" sl="19" sc="13" el="19" ec="13" bec="0" bev="0" fileid="14" />
                <SequencePoint vc="6" uspid="1105" ordinal="0" offset="31" sl="20" sc="9" el="20" ec="9" bec="0" bev="0" fileid="14" />
              </SequencePoints>
              <BranchPoints />
            </Method>
          </Methods>
        </Class>
        <Class>
          <Summary numSequencePoints="1" visitedSequencePoints="1" numBranchPoints="0" visitedBranchPoints="0" sequenceCoverage="100.0" branchCoverage="0.0" maxCyclomaticComplexity="0" minCyclomaticComplexity="0" maxCrapScore="0" minCrapScore="0" visitedClasses="1" numClasses="1" visitedMethods="1" numMethods="1" />
          <FullName>JGM.Tests.ColumnsResultTest/&lt;&gt;c__DisplayClass7_0</FullName>
          <Methods>
            <Method visited="true" cyclomaticComplexity="0" nPathComplexity="0" sequenceCoverage="100.0" branchCoverage="0" crapScore="0" isConstructor="false" isStatic="false" isGetter="false" isSetter="false">
              <Summary numSequencePoints="1" visitedSequencePoints="1" numBranchPoints="0" visitedBranchPoints="0" sequenceCoverage="100.0" branchCoverage="0" maxCyclomaticComplexity="0" minCyclomaticComplexity="0" maxCrapScore="0" minCrapScore="0" visitedClasses="0" numClasses="0" visitedMethods="1" numMethods="1" />
              <MetadataToken>100663351</MetadataToken>
              <Name>System.Int32 JGM.Tests.ColumnsResultTest/&lt;&gt;c__DisplayClass7_0::&lt;FillBoardWithValues&gt;b__1(UnityEngine.Vector2Int)</Name>
              <FileRef uid="11" />
              <SequencePoints>
                <SequencePoint vc="63" uspid="1106" ordinal="0" offset="0" sl="90" sc="121" el="90" ec="121" bec="0" bev="0" fileid="11" />
              </SequencePoints>
              <BranchPoints />
            </Method>
          </Methods>
        </Class>
        <Class>
          <Summary numSequencePoints="1" visitedSequencePoints="1" numBranchPoints="0" visitedBranchPoints="0" sequenceCoverage="100.0" branchCoverage="0.0" maxCyclomaticComplexity="0" minCyclomaticComplexity="0" maxCrapScore="0" minCrapScore="0" visitedClasses="1" numClasses="1" visitedMethods="1" numMethods="1" />
          <FullName>JGM.Tests.DiagonalsResultTest/&lt;&gt;c__DisplayClass7_0</FullName>
          <Methods>
            <Method visited="true" cyclomaticComplexity="0" nPathComplexity="0" sequenceCoverage="100.0" branchCoverage="0" crapScore="0" isConstructor="false" isStatic="false" isGetter="false" isSetter="false">
              <Summary numSequencePoints="1" visitedSequencePoints="1" numBranchPoints="0" visitedBranchPoints="0" sequenceCoverage="100.0" branchCoverage="0" maxCyclomaticComplexity="0" minCyclomaticComplexity="0" maxCrapScore="0" minCrapScore="0" visitedClasses="0" numClasses="0" visitedMethods="1" numMethods="1" />
              <MetadataToken>100663355</MetadataToken>
              <Name>System.Int32 JGM.Tests.DiagonalsResultTest/&lt;&gt;c__DisplayClass7_0::&lt;FillBoardWithValues&gt;b__1(UnityEngine.Vector2Int)</Name>
              <FileRef uid="12" />
              <SequencePoints>
                <SequencePoint vc="34" uspid="1107" ordinal="0" offset="0" sl="86" sc="121" el="86" ec="121" bec="0" bev="0" fileid="12" />
              </SequencePoints>
              <BranchPoints />
            </Method>
          </Methods>
        </Class>
        <Class>
          <Summary numSequencePoints="1" visitedSequencePoints="1" numBranchPoints="0" visitedBranchPoints="0" sequenceCoverage="100.0" branchCoverage="0.0" maxCyclomaticComplexity="0" minCyclomaticComplexity="0" maxCrapScore="0" minCrapScore="0" visitedClasses="1" numClasses="1" visitedMethods="1" numMethods="1" />
          <FullName>JGM.Tests.RowsResultTest/&lt;&gt;c__DisplayClass7_0</FullName>
          <Methods>
            <Method visited="true" cyclomaticComplexity="0" nPathComplexity="0" sequenceCoverage="100.0" branchCoverage="0" crapScore="0" isConstructor="false" isStatic="false" isGetter="false" isSetter="false">
              <Summary numSequencePoints="1" visitedSequencePoints="1" numBranchPoints="0" visitedBranchPoints="0" sequenceCoverage="100.0" branchCoverage="0" maxCyclomaticComplexity="0" minCyclomaticComplexity="0" maxCrapScore="0" minCrapScore="0" visitedClasses="0" numClasses="0" visitedMethods="1" numMethods="1" />
              <MetadataToken>100663359</MetadataToken>
              <Name>System.Int32 JGM.Tests.RowsResultTest/&lt;&gt;c__DisplayClass7_0::&lt;FillBoardWithValues&gt;b__1(UnityEngine.Vector2Int)</Name>
              <FileRef uid="13" />
              <SequencePoints>
                <SequencePoint vc="63" uspid="1108" ordinal="0" offset="0" sl="90" sc="121" el="90" ec="121" bec="0" bev="0" fileid="13" />
              </SequencePoints>
              <BranchPoints />
            </Method>
          </Methods>
        </Class>
      </Classes>
    </Module>
    <Module>
      <Summary numSequencePoints="46" visitedSequencePoints="46" numBranchPoints="0" visitedBranchPoints="0" sequenceCoverage="100.0" branchCoverage="0.0" maxCyclomaticComplexity="0" minCyclomaticComplexity="0" maxCrapScore="0" minCrapScore="0" visitedClasses="2" numClasses="2" visitedMethods="8" numMethods="8" />
      <ModuleTime>0001-01-01T00:00:00</ModuleTime>
      <ModuleName>JGM.Model</ModuleName>
      <Files>
        <File uid="15" fullPath="C:/Users/Freee/Documents/GitHub/TicTacToeTDD/Assets/Scripts/Model/BoardModel.cs" />
        <File uid="16" fullPath="C:/Users/Freee/Documents/GitHub/TicTacToeTDD/Assets/Scripts/Model/TokenModel.cs" />
      </Files>
      <Classes>
        <Class>
          <Summary numSequencePoints="36" visitedSequencePoints="36" numBranchPoints="0" visitedBranchPoints="0" sequenceCoverage="100.0" branchCoverage="0.0" maxCyclomaticComplexity="0" minCyclomaticComplexity="0" maxCrapScore="0" minCrapScore="0" visitedClasses="1" numClasses="1" visitedMethods="6" numMethods="6" />
          <FullName>JGM.Model.BoardModel</FullName>
          <Methods>
            <Method visited="true" cyclomaticComplexity="0" nPathComplexity="0" sequenceCoverage="100.0" branchCoverage="0" crapScore="0" isConstructor="false" isStatic="false" isGetter="true" isSetter="false">
              <Summary numSequencePoints="1" visitedSequencePoints="1" numBranchPoints="0" visitedBranchPoints="0" sequenceCoverage="100.0" branchCoverage="0" maxCyclomaticComplexity="0" minCyclomaticComplexity="0" maxCrapScore="0" minCrapScore="0" visitedClasses="0" numClasses="0" visitedMethods="1" numMethods="1" />
              <MetadataToken>100663297</MetadataToken>
              <Name>System.Int32 JGM.Model.BoardModel::get_Rows()</Name>
              <FileRef uid="15" />
              <SequencePoints>
                <SequencePoint vc="144" uspid="1109" ordinal="0" offset="0" sl="8" sc="28" el="8" ec="28" bec="0" bev="0" fileid="15" />
              </SequencePoints>
              <BranchPoints />
            </Method>
            <Method visited="true" cyclomaticComplexity="0" nPathComplexity="0" sequenceCoverage="100.0" branchCoverage="0" crapScore="0" isConstructor="false" isStatic="false" isGetter="true" isSetter="false">
              <Summary numSequencePoints="1" visitedSequencePoints="1" numBranchPoints="0" visitedBranchPoints="0" sequenceCoverage="100.0" branchCoverage="0" maxCyclomaticComplexity="0" minCyclomaticComplexity="0" maxCrapScore="0" minCrapScore="0" visitedClasses="0" numClasses="0" visitedMethods="1" numMethods="1" />
              <MetadataToken>100663298</MetadataToken>
              <Name>System.Int32 JGM.Model.BoardModel::get_Columns()</Name>
              <FileRef uid="15" />
              <SequencePoints>
                <SequencePoint vc="416" uspid="1110" ordinal="0" offset="0" sl="9" sc="31" el="9" ec="31" bec="0" bev="0" fileid="15" />
              </SequencePoints>
              <BranchPoints />
            </Method>
            <Method visited="true" cyclomaticComplexity="0" nPathComplexity="0" sequenceCoverage="100.0" branchCoverage="0" crapScore="0" isConstructor="false" isStatic="false" isGetter="false" isSetter="false">
              <Summary numSequencePoints="13" visitedSequencePoints="13" numBranchPoints="0" visitedBranchPoints="0" sequenceCoverage="100.0" branchCoverage="0" maxCyclomaticComplexity="0" minCyclomaticComplexity="0" maxCrapScore="0" minCrapScore="0" visitedClasses="0" numClasses="0" visitedMethods="1" numMethods="1" />
              <MetadataToken>100663300</MetadataToken>
              <Name>System.Void JGM.Model.BoardModel::ClearCells()</Name>
              <FileRef uid="15" />
              <SequencePoints>
                <SequencePoint vc="100" uspid="1111" ordinal="0" offset="0" sl="25" sc="9" el="25" ec="9" bec="0" bev="0" fileid="15" />
                <SequencePoint vc="100" uspid="1112" ordinal="0" offset="1" sl="26" sc="18" el="26" ec="18" bec="0" bev="0" fileid="15" />
                <SequencePoint vc="309" uspid="1113" ordinal="0" offset="5" sl="27" sc="13" el="27" ec="13" bec="0" bev="0" fileid="15" />
                <SequencePoint vc="309" uspid="1114" ordinal="0" offset="6" sl="28" sc="22" el="28" ec="22" bec="0" bev="0" fileid="15" />
                <SequencePoint vc="1235" uspid="1115" ordinal="0" offset="10" sl="29" sc="17" el="29" ec="17" bec="0" bev="0" fileid="15" />
                <SequencePoint vc="1235" uspid="1116" ordinal="0" offset="11" sl="30" sc="21" el="30" ec="21" bec="0" bev="0" fileid="15" />
                <SequencePoint vc="1235" uspid="1117" ordinal="0" offset="25" sl="31" sc="17" el="31" ec="17" bec="0" bev="0" fileid="15" />
                <SequencePoint vc="1235" uspid="1118" ordinal="0" offset="26" sl="28" sc="46" el="28" ec="46" bec="0" bev="0" fileid="15" />
                <SequencePoint vc="1544" uspid="1119" ordinal="0" offset="30" sl="28" sc="33" el="28" ec="33" bec="0" bev="0" fileid="15" />
                <SequencePoint vc="309" uspid="1120" ordinal="0" offset="43" sl="32" sc="13" el="32" ec="13" bec="0" bev="0" fileid="15" />
                <SequencePoint vc="309" uspid="1121" ordinal="0" offset="44" sl="26" sc="39" el="26" ec="39" bec="0" bev="0" fileid="15" />
                <SequencePoint vc="409" uspid="1122" ordinal="0" offset="48" sl="26" sc="29" el="26" ec="29" bec="0" bev="0" fileid="15" />
                <SequencePoint vc="100" uspid="1123" ordinal="0" offset="61" sl="33" sc="9" el="33" ec="9" bec="0" bev="0" fileid="15" />
              </SequencePoints>
              <BranchPoints />
            </Method>
            <Method visited="true" cyclomaticComplexity="0" nPathComplexity="0" sequenceCoverage="100.0" branchCoverage="0" crapScore="0" isConstructor="false" isStatic="false" isGetter="false" isSetter="false">
              <Summary numSequencePoints="8" visitedSequencePoints="8" numBranchPoints="0" visitedBranchPoints="0" sequenceCoverage="100.0" branchCoverage="0" maxCyclomaticComplexity="0" minCyclomaticComplexity="0" maxCrapScore="0" minCrapScore="0" visitedClasses="0" numClasses="0" visitedMethods="1" numMethods="1" />
              <MetadataToken>100663301</MetadataToken>
              <Name>System.Void JGM.Model.BoardModel::SetCell(UnityEngine.Vector2Int, System.Int32)</Name>
              <FileRef uid="15" />
              <SequencePoints>
                <SequencePoint vc="247" uspid="1124" ordinal="0" offset="0" sl="36" sc="9" el="36" ec="9" bec="0" bev="0" fileid="15" />
                <SequencePoint vc="247" uspid="1125" ordinal="0" offset="1" sl="37" sc="13" el="37" ec="13" bec="0" bev="0" fileid="15" />
                <SequencePoint vc="247" uspid="1126" ordinal="0" offset="47" sl="38" sc="13" el="38" ec="13" bec="0" bev="0" fileid="15" />
                <SequencePoint vc="247" uspid="1127" ordinal="0" offset="54" sl="39" sc="13" el="39" ec="13" bec="0" bev="0" fileid="15" />
                <SequencePoint vc="244" uspid="1128" ordinal="0" offset="59" sl="40" sc="13" el="40" ec="13" bec="0" bev="0" fileid="15" />
                <SequencePoint vc="244" uspid="1129" ordinal="0" offset="60" sl="41" sc="17" el="41" ec="17" bec="0" bev="0" fileid="15" />
                <SequencePoint vc="244" uspid="1130" ordinal="0" offset="86" sl="42" sc="13" el="42" ec="13" bec="0" bev="0" fileid="15" />
                <SequencePoint vc="247" uspid="1131" ordinal="0" offset="87" sl="43" sc="9" el="43" ec="9" bec="0" bev="0" fileid="15" />
              </SequencePoints>
              <BranchPoints />
            </Method>
            <Method visited="true" cyclomaticComplexity="0" nPathComplexity="0" sequenceCoverage="100.0" branchCoverage="0" crapScore="0" isConstructor="false" isStatic="false" isGetter="false" isSetter="false">
              <Summary numSequencePoints="5" visitedSequencePoints="5" numBranchPoints="0" visitedBranchPoints="0" sequenceCoverage="100.0" branchCoverage="0" maxCyclomaticComplexity="0" minCyclomaticComplexity="0" maxCrapScore="0" minCrapScore="0" visitedClasses="0" numClasses="0" visitedMethods="1" numMethods="1" />
              <MetadataToken>100663302</MetadataToken>
              <Name>System.Int32 JGM.Model.BoardModel::GetCell(UnityEngine.Vector2Int)</Name>
              <FileRef uid="15" />
              <SequencePoints>
                <SequencePoint vc="339" uspid="1132" ordinal="0" offset="0" sl="46" sc="9" el="46" ec="9" bec="0" bev="0" fileid="15" />
                <SequencePoint vc="339" uspid="1133" ordinal="0" offset="1" sl="47" sc="13" el="47" ec="13" bec="0" bev="0" fileid="15" />
                <SequencePoint vc="339" uspid="1134" ordinal="0" offset="47" sl="48" sc="13" el="48" ec="13" bec="0" bev="0" fileid="15" />
                <SequencePoint vc="339" uspid="1135" ordinal="0" offset="54" sl="49" sc="13" el="49" ec="13" bec="0" bev="0" fileid="15" />
                <SequencePoint vc="339" uspid="1136" ordinal="0" offset="88" sl="50" sc="9" el="50" ec="9" bec="0" bev="0" fileid="15" />
              </SequencePoints>
              <BranchPoints />
            </Method>
            <Method visited="true" cyclomaticComplexity="0" nPathComplexity="0" sequenceCoverage="100.0" branchCoverage="0" crapScore="0" isConstructor="true" isStatic="false" isGetter="false" isSetter="false">
              <Summary numSequencePoints="8" visitedSequencePoints="8" numBranchPoints="0" visitedBranchPoints="0" sequenceCoverage="100.0" branchCoverage="0" maxCyclomaticComplexity="0" minCyclomaticComplexity="0" maxCrapScore="0" minCrapScore="0" visitedClasses="0" numClasses="0" visitedMethods="1" numMethods="1" />
              <MetadataToken>100663299</MetadataToken>
              <Name>JGM.Model.BoardModel::BoardModel(System.Int32, System.Int32)</Name>
              <FileRef uid="15" />
              <SequencePoints>
                <SequencePoint vc="90" uspid="1137" ordinal="0" offset="0" sl="15" sc="9" el="15" ec="9" bec="0" bev="0" fileid="15" />
                <SequencePoint vc="90" uspid="1138" ordinal="0" offset="7" sl="16" sc="9" el="16" ec="9" bec="0" bev="0" fileid="15" />
                <SequencePoint vc="90" uspid="1139" ordinal="0" offset="8" sl="17" sc="13" el="17" ec="13" bec="0" bev="0" fileid="15" />
                <SequencePoint vc="90" uspid="1140" ordinal="0" offset="25" sl="18" sc="13" el="18" ec="13" bec="0" bev="0" fileid="15" />
                <SequencePoint vc="90" uspid="1141" ordinal="0" offset="32" sl="19" sc="13" el="19" ec="13" bec="0" bev="0" fileid="15" />
                <SequencePoint vc="90" uspid="1142" ordinal="0" offset="39" sl="20" sc="13" el="20" ec="13" bec="0" bev="0" fileid="15" />
                <SequencePoint vc="90" uspid="1143" ordinal="0" offset="52" sl="21" sc="13" el="21" ec="13" bec="0" bev="0" fileid="15" />
                <SequencePoint vc="90" uspid="1144" ordinal="0" offset="59" sl="22" sc="9" el="22" ec="9" bec="0" bev="0" fileid="15" />
              </SequencePoints>
              <BranchPoints />
            </Method>
          </Methods>
        </Class>
        <Class>
          <Summary numSequencePoints="10" visitedSequencePoints="10" numBranchPoints="0" visitedBranchPoints="0" sequenceCoverage="100.0" branchCoverage="0.0" maxCyclomaticComplexity="0" minCyclomaticComplexity="0" maxCrapScore="0" minCrapScore="0" visitedClasses="1" numClasses="1" visitedMethods="2" numMethods="2" />
          <FullName>JGM.Model.TokenModel</FullName>
          <Methods>
            <Method visited="true" cyclomaticComplexity="0" nPathComplexity="0" sequenceCoverage="100.0" branchCoverage="0" crapScore="0" isConstructor="false" isStatic="false" isGetter="false" isSetter="false">
              <Summary numSequencePoints="6" visitedSequencePoints="6" numBranchPoints="0" visitedBranchPoints="0" sequenceCoverage="100.0" branchCoverage="0" maxCyclomaticComplexity="0" minCyclomaticComplexity="0" maxCrapScore="0" minCrapScore="0" visitedClasses="0" numClasses="0" visitedMethods="1" numMethods="1" />
              <MetadataToken>100663304</MetadataToken>
              <Name>System.String JGM.Model.TokenModel::ToString()</Name>
              <FileRef uid="16" />
              <SequencePoints>
                <SequencePoint vc="1716" uspid="1145" ordinal="0" offset="0" sl="13" sc="9" el="13" ec="9" bec="0" bev="0" fileid="16" />
                <SequencePoint vc="1716" uspid="1146" ordinal="0" offset="1" sl="14" sc="13" el="14" ec="13" bec="0" bev="0" fileid="16" />
                <SequencePoint vc="1711" uspid="1147" ordinal="0" offset="21" sl="17" sc="21" el="17" ec="21" bec="0" bev="0" fileid="16" />
                <SequencePoint vc="1" uspid="1148" ordinal="0" offset="29" sl="20" sc="21" el="20" ec="21" bec="0" bev="0" fileid="16" />
                <SequencePoint vc="4" uspid="1149" ordinal="0" offset="37" sl="23" sc="21" el="23" ec="21" bec="0" bev="0" fileid="16" />
                <SequencePoint vc="1716" uspid="1150" ordinal="0" offset="45" sl="25" sc="9" el="25" ec="9" bec="0" bev="0" fileid="16" />
              </SequencePoints>
              <BranchPoints />
            </Method>
            <Method visited="true" cyclomaticComplexity="0" nPathComplexity="0" sequenceCoverage="100.0" branchCoverage="0" crapScore="0" isConstructor="true" isStatic="false" isGetter="false" isSetter="false">
              <Summary numSequencePoints="4" visitedSequencePoints="4" numBranchPoints="0" visitedBranchPoints="0" sequenceCoverage="100.0" branchCoverage="0" maxCyclomaticComplexity="0" minCyclomaticComplexity="0" maxCrapScore="0" minCrapScore="0" visitedClasses="0" numClasses="0" visitedMethods="1" numMethods="1" />
              <MetadataToken>100663303</MetadataToken>
              <Name>JGM.Model.TokenModel::TokenModel(System.Int32)</Name>
              <FileRef uid="16" />
              <SequencePoints>
                <SequencePoint vc="1716" uspid="1151" ordinal="0" offset="0" sl="7" sc="9" el="7" ec="9" bec="0" bev="0" fileid="16" />
                <SequencePoint vc="1716" uspid="1152" ordinal="0" offset="7" sl="8" sc="9" el="8" ec="9" bec="0" bev="0" fileid="16" />
                <SequencePoint vc="1716" uspid="1153" ordinal="0" offset="8" sl="9" sc="13" el="9" ec="13" bec="0" bev="0" fileid="16" />
                <SequencePoint vc="1716" uspid="1154" ordinal="0" offset="15" sl="10" sc="9" el="10" ec="9" bec="0" bev="0" fileid="16" />
              </SequencePoints>
              <BranchPoints />
            </Method>
          </Methods>
        </Class>
      </Classes>
    </Module>
  </Modules>
</CoverageSession>